This file contains any messages produced by compilers while
running configure, to aid debugging if configure makes a mistake.

It was created by zlogger configure 1.1.2, which was
generated by GNU Autoconf 2.63.  Invocation command line was

  $ ./configure --no-create --no-recursion

## --------- ##
## Platform. ##
## --------- ##

hostname = nagash-laptop-ubuntu
uname -m = i686
uname -r = 2.6.32-21-generic
uname -s = Linux
uname -v = #32-Ubuntu SMP Fri Apr 16 08:10:02 UTC 2010

/usr/bin/uname -p = unknown
/bin/uname -X     = unknown

/bin/arch              = unknown
/usr/bin/arch -k       = unknown
/usr/convex/getsysinfo = unknown
/usr/bin/hostinfo      = unknown
/bin/machine           = unknown
/usr/bin/oslevel       = unknown
/bin/universe          = unknown

PATH: /usr/local/sbin
PATH: /usr/local/bin
PATH: /usr/sbin
PATH: /usr/bin
PATH: /sbin
PATH: /bin
PATH: /usr/games


## ----------- ##
## Core tests. ##
## ----------- ##

configure:2101: checking for a BSD-compatible install
configure:2169: result: /usr/bin/install -c
configure:2180: checking whether build environment is sane
configure:2223: result: yes
configure:2248: checking for a thread-safe mkdir -p
configure:2287: result: /bin/mkdir -p
configure:2300: checking for gawk
configure:2316: found /usr/bin/gawk
configure:2327: result: gawk
configure:2338: checking whether make sets $(MAKE)
configure:2360: result: yes
configure:2555: checking build system type
configure:2573: result: i686-pc-linux-gnu
configure:2595: checking host system type
configure:2610: result: i686-pc-linux-gnu
configure:2644: checking for style of include used by make
configure:2672: result: GNU
configure:2742: checking for gcc
configure:2758: found /usr/bin/gcc
configure:2769: result: gcc
configure:3001: checking for C compiler version
configure:3009: gcc --version >&5
gcc (Ubuntu 4.4.3-4ubuntu5) 4.4.3
Copyright (C) 2009 Free Software Foundation, Inc.
This is free software; see the source for copying conditions.  There is NO
warranty; not even for MERCHANTABILITY or FITNESS FOR A PARTICULAR PURPOSE.

configure:3013: $? = 0
configure:3020: gcc -v >&5
Using built-in specs.
Target: i486-linux-gnu
Configured with: ../src/configure -v --with-pkgversion='Ubuntu 4.4.3-4ubuntu5' --with-bugurl=file:///usr/share/doc/gcc-4.4/README.Bugs --enable-languages=c,c++,fortran,objc,obj-c++ --prefix=/usr --enable-shared --enable-multiarch --enable-linker-build-id --with-system-zlib --libexecdir=/usr/lib --without-included-gettext --enable-threads=posix --with-gxx-include-dir=/usr/include/c++/4.4 --program-suffix=-4.4 --enable-nls --enable-clocale=gnu --enable-libstdcxx-debug --enable-plugin --enable-objc-gc --enable-targets=all --disable-werror --with-arch-32=i486 --with-tune=generic --enable-checking=release --build=i486-linux-gnu --host=i486-linux-gnu --target=i486-linux-gnu
Thread model: posix
gcc version 4.4.3 (Ubuntu 4.4.3-4ubuntu5) 
configure:3024: $? = 0
configure:3031: gcc -V >&5
gcc: '-V' option must have argument
configure:3035: $? = 1
configure:3058: checking for C compiler default output file name
configure:3080: gcc    conftest.c  >&5
configure:3084: $? = 0
configure:3122: result: a.out
configure:3141: checking whether the C compiler works
configure:3151: ./a.out
configure:3155: $? = 0
configure:3174: result: yes
configure:3181: checking whether we are cross compiling
configure:3183: result: no
configure:3186: checking for suffix of executables
configure:3193: gcc -o conftest    conftest.c  >&5
configure:3197: $? = 0
configure:3223: result: 
configure:3229: checking for suffix of object files
configure:3255: gcc -c   conftest.c >&5
configure:3259: $? = 0
configure:3284: result: o
configure:3288: checking whether we are using the GNU C compiler
configure:3317: gcc -c   conftest.c >&5
configure:3324: $? = 0
configure:3341: result: yes
configure:3350: checking whether gcc accepts -g
configure:3380: gcc -c -g  conftest.c >&5
configure:3387: $? = 0
configure:3488: result: yes
configure:3505: checking for gcc option to accept ISO C89
configure:3579: gcc  -c -g -O2  conftest.c >&5
configure:3586: $? = 0
configure:3609: result: none needed
configure:3629: checking dependency style of gcc
configure:3720: result: gcc3
configure:3741: checking how to run the C preprocessor
configure:3781: gcc -E  conftest.c
configure:3788: $? = 0
configure:3819: gcc -E  conftest.c
conftest.c:10:28: error: ac_nonexistent.h: No such file or directory
configure:3826: $? = 1
configure: failed program was:
| /* confdefs.h.  */
| #define PACKAGE_NAME "zlogger"
| #define PACKAGE_TARNAME "zlogger"
| #define PACKAGE_VERSION "1.1.2"
| #define PACKAGE_STRING "zlogger 1.1.2"
| #define PACKAGE_BUGREPORT ""
| #define PACKAGE "zlogger"
| #define VERSION "1.1.2"
| /* end confdefs.h.  */
| #include <ac_nonexistent.h>
configure:3859: result: gcc -E
configure:3888: gcc -E  conftest.c
configure:3895: $? = 0
configure:3926: gcc -E  conftest.c
conftest.c:10:28: error: ac_nonexistent.h: No such file or directory
configure:3933: $? = 1
configure: failed program was:
| /* confdefs.h.  */
| #define PACKAGE_NAME "zlogger"
| #define PACKAGE_TARNAME "zlogger"
| #define PACKAGE_VERSION "1.1.2"
| #define PACKAGE_STRING "zlogger 1.1.2"
| #define PACKAGE_BUGREPORT ""
| #define PACKAGE "zlogger"
| #define VERSION "1.1.2"
| /* end confdefs.h.  */
| #include <ac_nonexistent.h>
configure:3973: checking for grep that handles long lines and -e
configure:4033: result: /bin/grep
configure:4038: checking for egrep
configure:4102: result: /bin/grep -E
configure:4107: checking for ANSI C header files
configure:4137: gcc -c -g -O2  conftest.c >&5
configure:4144: $? = 0
configure:4243: gcc -o conftest -g -O2   conftest.c  >&5
configure:4247: $? = 0
configure:4253: ./conftest
configure:4257: $? = 0
configure:4275: result: yes
configure:4364: checking for a sed that does not truncate output
configure:4420: result: /bin/sed
configure:4434: checking for ld used by gcc
configure:4501: result: /usr/bin/ld
configure:4510: checking if the linker (/usr/bin/ld) is GNU ld
configure:4525: result: yes
configure:4530: checking for /usr/bin/ld option to reload object files
configure:4537: result: -r
configure:4555: checking for BSD-compatible nm
configure:4604: result: /usr/bin/nm -B
configure:4608: checking whether ln -s works
configure:4612: result: yes
configure:4619: checking how to recognize dependent libraries
configure:4805: result: pass_all
configure:5062: checking for sys/types.h
configure:5083: gcc -c -g -O2  conftest.c >&5
configure:5090: $? = 0
configure:5107: result: yes
configure:5062: checking for sys/stat.h
configure:5083: gcc -c -g -O2  conftest.c >&5
configure:5090: $? = 0
configure:5107: result: yes
configure:5062: checking for stdlib.h
configure:5083: gcc -c -g -O2  conftest.c >&5
configure:5090: $? = 0
configure:5107: result: yes
configure:5062: checking for string.h
configure:5083: gcc -c -g -O2  conftest.c >&5
configure:5090: $? = 0
configure:5107: result: yes
configure:5062: checking for memory.h
configure:5083: gcc -c -g -O2  conftest.c >&5
configure:5090: $? = 0
configure:5107: result: yes
configure:5062: checking for strings.h
configure:5083: gcc -c -g -O2  conftest.c >&5
configure:5090: $? = 0
configure:5107: result: yes
configure:5062: checking for inttypes.h
configure:5083: gcc -c -g -O2  conftest.c >&5
configure:5090: $? = 0
configure:5107: result: yes
configure:5062: checking for stdint.h
configure:5083: gcc -c -g -O2  conftest.c >&5
configure:5090: $? = 0
configure:5107: result: yes
configure:5062: checking for unistd.h
configure:5083: gcc -c -g -O2  conftest.c >&5
configure:5090: $? = 0
configure:5107: result: yes
configure:5137: checking dlfcn.h usability
configure:5154: gcc -c -g -O2  conftest.c >&5
configure:5161: $? = 0
configure:5175: result: yes
configure:5179: checking dlfcn.h presence
configure:5194: gcc -E  conftest.c
configure:5201: $? = 0
configure:5215: result: yes
configure:5243: checking for dlfcn.h
configure:5252: result: yes
configure:5325: checking for g++
configure:5355: result: no
configure:5325: checking for c++
configure:5355: result: no
configure:5325: checking for gpp
configure:5355: result: no
configure:5325: checking for aCC
configure:5355: result: no
configure:5325: checking for CC
configure:5355: result: no
configure:5325: checking for cxx
configure:5355: result: no
configure:5325: checking for cc++
configure:5355: result: no
configure:5325: checking for cl.exe
configure:5355: result: no
configure:5325: checking for FCC
configure:5355: result: no
configure:5325: checking for KCC
configure:5355: result: no
configure:5325: checking for RCC
configure:5355: result: no
configure:5325: checking for xlC_r
configure:5355: result: no
configure:5325: checking for xlC
configure:5355: result: no
configure:5379: checking for C++ compiler version
configure:5387: g++ --version >&5
./configure: line 5389: g++: command not found
configure:5391: $? = 127
configure:5398: g++ -v >&5
./configure: line 5400: g++: command not found
configure:5402: $? = 127
configure:5409: g++ -V >&5
./configure: line 5411: g++: command not found
configure:5413: $? = 127
configure:5416: checking whether we are using the GNU C++ compiler
configure:5445: g++ -c   conftest.cpp >&5
./configure: line 5447: g++: command not found
configure:5452: $? = 127
configure: failed program was:
| /* confdefs.h.  */
| #define PACKAGE_NAME "zlogger"
| #define PACKAGE_TARNAME "zlogger"
| #define PACKAGE_VERSION "1.1.2"
| #define PACKAGE_STRING "zlogger 1.1.2"
| #define PACKAGE_BUGREPORT ""
| #define PACKAGE "zlogger"
| #define VERSION "1.1.2"
| #define STDC_HEADERS 1
| #define HAVE_SYS_TYPES_H 1
| #define HAVE_SYS_STAT_H 1
| #define HAVE_STDLIB_H 1
| #define HAVE_STRING_H 1
| #define HAVE_MEMORY_H 1
| #define HAVE_STRINGS_H 1
| #define HAVE_INTTYPES_H 1
| #define HAVE_STDINT_H 1
| #define HAVE_UNISTD_H 1
| #define HAVE_DLFCN_H 1
| /* end confdefs.h.  */
| 
| int
| main ()
| {
| #ifndef __GNUC__
|        choke me
| #endif
| 
|   ;
|   return 0;
| }
configure:5469: result: no
configure:5478: checking whether g++ accepts -g
configure:5508: g++ -c -g  conftest.cpp >&5
./configure: line 5510: g++: command not found
configure:5515: $? = 127
configure: failed program was:
| /* confdefs.h.  */
| #define PACKAGE_NAME "zlogger"
| #define PACKAGE_TARNAME "zlogger"
| #define PACKAGE_VERSION "1.1.2"
| #define PACKAGE_STRING "zlogger 1.1.2"
| #define PACKAGE_BUGREPORT ""
| #define PACKAGE "zlogger"
| #define VERSION "1.1.2"
| #define STDC_HEADERS 1
| #define HAVE_SYS_TYPES_H 1
| #define HAVE_SYS_STAT_H 1
| #define HAVE_STDLIB_H 1
| #define HAVE_STRING_H 1
| #define HAVE_MEMORY_H 1
| #define HAVE_STRINGS_H 1
| #define HAVE_INTTYPES_H 1
| #define HAVE_STDINT_H 1
| #define HAVE_UNISTD_H 1
| #define HAVE_DLFCN_H 1
| /* end confdefs.h.  */
| 
| int
| main ()
| {
| 
|   ;
|   return 0;
| }
configure:5547: g++ -c   conftest.cpp >&5
./configure: line 5549: g++: command not found
configure:5554: $? = 127
configure: failed program was:
| /* confdefs.h.  */
| #define PACKAGE_NAME "zlogger"
| #define PACKAGE_TARNAME "zlogger"
| #define PACKAGE_VERSION "1.1.2"
| #define PACKAGE_STRING "zlogger 1.1.2"
| #define PACKAGE_BUGREPORT ""
| #define PACKAGE "zlogger"
| #define VERSION "1.1.2"
| #define STDC_HEADERS 1
| #define HAVE_SYS_TYPES_H 1
| #define HAVE_SYS_STAT_H 1
| #define HAVE_STDLIB_H 1
| #define HAVE_STRING_H 1
| #define HAVE_MEMORY_H 1
| #define HAVE_STRINGS_H 1
| #define HAVE_INTTYPES_H 1
| #define HAVE_STDINT_H 1
| #define HAVE_UNISTD_H 1
| #define HAVE_DLFCN_H 1
| /* end confdefs.h.  */
| 
| int
| main ()
| {
| 
|   ;
|   return 0;
| }
configure:5587: g++ -c -g  conftest.cpp >&5
./configure: line 5589: g++: command not found
configure:5594: $? = 127
configure: failed program was:
| /* confdefs.h.  */
| #define PACKAGE_NAME "zlogger"
| #define PACKAGE_TARNAME "zlogger"
| #define PACKAGE_VERSION "1.1.2"
| #define PACKAGE_STRING "zlogger 1.1.2"
| #define PACKAGE_BUGREPORT ""
| #define PACKAGE "zlogger"
| #define VERSION "1.1.2"
| #define STDC_HEADERS 1
| #define HAVE_SYS_TYPES_H 1
| #define HAVE_SYS_STAT_H 1
| #define HAVE_STDLIB_H 1
| #define HAVE_STRING_H 1
| #define HAVE_MEMORY_H 1
| #define HAVE_STRINGS_H 1
| #define HAVE_INTTYPES_H 1
| #define HAVE_STDINT_H 1
| #define HAVE_UNISTD_H 1
| #define HAVE_DLFCN_H 1
| /* end confdefs.h.  */
| 
| int
| main ()
| {
| 
|   ;
|   return 0;
| }
configure:5616: result: no
configure:5641: checking dependency style of g++
configure:5732: result: none
configure:6040: checking for g77
configure:6070: result: no
configure:6040: checking for xlf
configure:6070: result: no
configure:6040: checking for f77
configure:6070: result: no
configure:6040: checking for frt
configure:6070: result: no
configure:6040: checking for pgf77
configure:6070: result: no
configure:6040: checking for cf77
configure:6070: result: no
configure:6040: checking for fort77
configure:6070: result: no
configure:6040: checking for fl32
configure:6070: result: no
configure:6040: checking for af77
configure:6070: result: no
configure:6040: checking for xlf90
configure:6070: result: no
configure:6040: checking for f90
configure:6070: result: no
configure:6040: checking for pgf90
configure:6070: result: no
configure:6040: checking for pghpf
configure:6070: result: no
configure:6040: checking for epcf90
configure:6070: result: no
configure:6040: checking for gfortran
configure:6070: result: no
configure:6040: checking for g95
configure:6070: result: no
configure:6040: checking for xlf95
configure:6070: result: no
configure:6040: checking for f95
configure:6070: result: no
configure:6040: checking for fort
configure:6070: result: no
configure:6040: checking for ifort
configure:6070: result: no
configure:6040: checking for ifc
configure:6070: result: no
configure:6040: checking for efc
configure:6070: result: no
configure:6040: checking for pgf95
configure:6070: result: no
configure:6040: checking for lf95
configure:6070: result: no
configure:6040: checking for ftn
configure:6070: result: no
configure:6093: checking for Fortran 77 compiler version
configure:6101:  --version >&5
./configure: line 6103: --version: command not found
configure:6105: $? = 127
configure:6112:  -v >&5
./configure: line 6114: -v: command not found
configure:6116: $? = 127
configure:6123:  -V >&5
./configure: line 6125: -V: command not found
configure:6127: $? = 127
configure:6135: checking whether we are using the GNU Fortran 77 compiler
configure:6154:  -c  conftest.F >&5
./configure: line 6156: -c: command not found
configure:6161: $? = 127
configure: failed program was:
|       program main
| #ifndef __GNUC__
|        choke me
| #endif
| 
|       end
configure:6178: result: no
configure:6184: checking whether  accepts -g
configure:6201:  -c -g conftest.f >&5
./configure: line 6203: -c: command not found
configure:6208: $? = 127
configure: failed program was:
|       program main
| 
|       end
configure:6224: result: no
configure:6257: checking the maximum length of command line arguments
configure:6369: result: 805306365
configure:6381: checking command to parse /usr/bin/nm -B output from gcc object
configure:6486: gcc -c -g -O2  conftest.c >&5
configure:6489: $? = 0
configure:6493: /usr/bin/nm -B conftest.o \| sed -n -e 's/^.*[ 	]\([ABCDGIRSTW][ABCDGIRSTW]*\)[ 	][ 	]*\([_A-Za-z][_A-Za-z0-9]*\)$/\1 \2 \2/p' \> conftest.nm
configure:6496: $? = 0
configure:6548: gcc -o conftest -g -O2   conftest.c conftstm.o >&5
configure:6551: $? = 0
configure:6589: result: ok
configure:6593: checking for objdir
configure:6608: result: .libs
configure:6700: checking for ar
configure:6716: found /usr/bin/ar
configure:6727: result: ar
configure:6792: checking for ranlib
configure:6808: found /usr/bin/ranlib
configure:6819: result: ranlib
configure:6884: checking for strip
configure:6900: found /usr/bin/strip
configure:6911: result: strip
configure:7452: checking for correct ltmain.sh version
configure:7502: result: yes
configure:7562: checking if gcc supports -fno-rtti -fno-exceptions
configure:7580: gcc -c -g -O2  -fno-rtti -fno-exceptions conftest.c >&5
cc1: warning: command line option "-fno-rtti" is valid for C++/ObjC++ but not for C
configure:7584: $? = 0
configure:7597: result: no
configure:7612: checking for gcc option to produce PIC
configure:7844: result: -fPIC
configure:7852: checking if gcc PIC flag -fPIC works
configure:7870: gcc -c -g -O2  -fPIC -DPIC conftest.c >&5
configure:7874: $? = 0
configure:7887: result: yes
configure:7915: checking if gcc static flag -static works
configure:7943: result: yes
configure:7953: checking if gcc supports -c -o file.o
configure:7974: gcc -c -g -O2  -o out/conftest2.o conftest.c >&5
configure:7978: $? = 0
configure:8000: result: yes
configure:8026: checking whether the gcc linker (/usr/bin/ld) supports shared libraries
configure:9014: result: yes
configure:9035: checking whether -lc should be explicitly linked in
configure:9040: gcc -c -g -O2  conftest.c >&5
configure:9043: $? = 0
configure:9058: gcc -shared conftest.o  -v -Wl,-soname -Wl,conftest -o conftest 2\>\&1 \| grep  -lc  \>/dev/null 2\>\&1
configure:9061: $? = 0
configure:9073: result: no
configure:9081: checking dynamic linker characteristics
configure:9696: result: GNU/Linux ld.so
configure:9720: checking how to hardcode library paths into programs
configure:9745: result: immediate
configure:9759: checking whether stripping libraries is possible
configure:9764: result: yes
configure:10594: checking if libtool supports shared libraries
configure:10596: result: yes
configure:10599: checking whether to build shared libraries
configure:10620: result: yes
configure:10623: checking whether to build static libraries
configure:10627: result: yes
configure:10721: creating libtool
configure:20034: checking for a BSD-compatible install
configure:20102: result: /usr/bin/install -c
configure:20113: checking whether make sets $(MAKE)
configure:20135: result: yes
configure:20146: checking for dlopen in -ldl
configure:20181: gcc -o conftest -g -O2   conftest.c -ldl   >&5
configure:20188: $? = 0
configure:20209: result: yes
configure:20225: checking for ANSI C header files
configure:20393: result: yes
configure:20403: checking for stdbool.h that conforms to C99
configure:20498: gcc -c -g -O2  conftest.c >&5
configure:20505: $? = 0
configure:20520: result: yes
configure:20522: checking for _Bool
configure:20550: gcc -c -g -O2  conftest.c >&5
configure:20557: $? = 0
configure:20584: gcc -c -g -O2  conftest.c >&5
conftest.c: In function 'main':
conftest.c:59: error: expected expression before ')' token
configure:20591: $? = 1
configure: failed program was:
| /* confdefs.h.  */
| #define PACKAGE_NAME "zlogger"
| #define PACKAGE_TARNAME "zlogger"
| #define PACKAGE_VERSION "1.1.2"
| #define PACKAGE_STRING "zlogger 1.1.2"
| #define PACKAGE_BUGREPORT ""
| #define PACKAGE "zlogger"
| #define VERSION "1.1.2"
| #define STDC_HEADERS 1
| #define HAVE_SYS_TYPES_H 1
| #define HAVE_SYS_STAT_H 1
| #define HAVE_STDLIB_H 1
| #define HAVE_STRING_H 1
| #define HAVE_MEMORY_H 1
| #define HAVE_STRINGS_H 1
| #define HAVE_INTTYPES_H 1
| #define HAVE_STDINT_H 1
| #define HAVE_UNISTD_H 1
| #define HAVE_DLFCN_H 1
| #define HAVE_LIBDL 1
| #define STDC_HEADERS 1
| /* end confdefs.h.  */
| #include <stdio.h>
| #ifdef HAVE_SYS_TYPES_H
| # include <sys/types.h>
| #endif
| #ifdef HAVE_SYS_STAT_H
| # include <sys/stat.h>
| #endif
| #ifdef STDC_HEADERS
| # include <stdlib.h>
| # include <stddef.h>
| #else
| # ifdef HAVE_STDLIB_H
| #  include <stdlib.h>
| # endif
| #endif
| #ifdef HAVE_STRING_H
| # if !defined STDC_HEADERS && defined HAVE_MEMORY_H
| #  include <memory.h>
| # endif
| # include <string.h>
| #endif
| #ifdef HAVE_STRINGS_H
| # include <strings.h>
| #endif
| #ifdef HAVE_INTTYPES_H
| # include <inttypes.h>
| #endif
| #ifdef HAVE_STDINT_H
| # include <stdint.h>
| #endif
| #ifdef HAVE_UNISTD_H
| # include <unistd.h>
| #endif
| int
| main ()
| {
| if (sizeof ((_Bool)))
| 	  return 0;
|   ;
|   return 0;
| }
configure:20614: result: yes
configure:20633: checking whether time.h and sys/time.h may both be included
configure:20663: gcc -c -g -O2  conftest.c >&5
configure:20670: $? = 0
configure:20685: result: yes
configure:20712: checking arpa/inet.h usability
configure:20729: gcc -c -g -O2  conftest.c >&5
configure:20736: $? = 0
configure:20750: result: yes
configure:20754: checking arpa/inet.h presence
configure:20769: gcc -E  conftest.c
configure:20776: $? = 0
configure:20790: result: yes
configure:20818: checking for arpa/inet.h
configure:20827: result: yes
configure:20858: checking netdb.h usability
configure:20875: gcc -c -g -O2  conftest.c >&5
configure:20882: $? = 0
configure:20896: result: yes
configure:20900: checking netdb.h presence
configure:20915: gcc -E  conftest.c
configure:20922: $? = 0
configure:20936: result: yes
configure:20964: checking for netdb.h
configure:20973: result: yes
configure:21004: checking sys/socket.h usability
configure:21021: gcc -c -g -O2  conftest.c >&5
configure:21028: $? = 0
configure:21042: result: yes
configure:21046: checking sys/socket.h presence
configure:21061: gcc -E  conftest.c
configure:21068: $? = 0
configure:21082: result: yes
configure:21110: checking for sys/socket.h
configure:21119: result: yes
configure:21150: checking time.h usability
configure:21167: gcc -c -g -O2  conftest.c >&5
configure:21174: $? = 0
configure:21188: result: yes
configure:21192: checking time.h presence
configure:21207: gcc -E  conftest.c
configure:21214: $? = 0
configure:21228: result: yes
configure:21256: checking for time.h
configure:21265: result: yes
configure:21296: checking sys/time.h usability
configure:21313: gcc -c -g -O2  conftest.c >&5
configure:21320: $? = 0
configure:21334: result: yes
configure:21338: checking sys/time.h presence
configure:21353: gcc -E  conftest.c
configure:21360: $? = 0
configure:21374: result: yes
configure:21402: checking for sys/time.h
configure:21411: result: yes
configure:21442: checking syslog.h usability
configure:21459: gcc -c -g -O2  conftest.c >&5
configure:21466: $? = 0
configure:21480: result: yes
configure:21484: checking syslog.h presence
configure:21499: gcc -E  conftest.c
configure:21506: $? = 0
configure:21520: result: yes
configure:21548: checking for syslog.h
configure:21557: result: yes
configure:21588: checking stdio.h usability
configure:21605: gcc -c -g -O2  conftest.c >&5
configure:21612: $? = 0
configure:21626: result: yes
configure:21630: checking stdio.h presence
configure:21645: gcc -E  conftest.c
configure:21652: $? = 0
configure:21666: result: yes
configure:21694: checking for stdio.h
configure:21703: result: yes
configure:21734: checking stdarg.h usability
configure:21751: gcc -c -g -O2  conftest.c >&5
configure:21758: $? = 0
configure:21772: result: yes
configure:21776: checking stdarg.h presence
configure:21791: gcc -E  conftest.c
configure:21798: $? = 0
configure:21812: result: yes
configure:21840: checking for stdarg.h
configure:21849: result: yes
configure:21865: checking for uid_t in sys/types.h
configure:21888: result: yes
configure:21904: checking for uint8_t
configure:21935: gcc -c -g -O2  conftest.c >&5
configure:21942: $? = 0
configure:21963: result: yes
configure:21981: checking for uint16_t
configure:22012: gcc -c -g -O2  conftest.c >&5
configure:22019: $? = 0
configure:22040: result: yes
configure:22054: checking for uint32_t
configure:22085: gcc -c -g -O2  conftest.c >&5
configure:22092: $? = 0
configure:22113: result: yes
configure:22130: checking for an ANSI C-conforming const
configure:22205: gcc -c -g -O2  conftest.c >&5
configure:22212: $? = 0
configure:22227: result: yes
configure:22237: checking for size_t
configure:22265: gcc -c -g -O2  conftest.c >&5
configure:22272: $? = 0
configure:22299: gcc -c -g -O2  conftest.c >&5
conftest.c: In function 'main':
conftest.c:70: error: expected expression before ')' token
configure:22306: $? = 1
configure: failed program was:
| /* confdefs.h.  */
| #define PACKAGE_NAME "zlogger"
| #define PACKAGE_TARNAME "zlogger"
| #define PACKAGE_VERSION "1.1.2"
| #define PACKAGE_STRING "zlogger 1.1.2"
| #define PACKAGE_BUGREPORT ""
| #define PACKAGE "zlogger"
| #define VERSION "1.1.2"
| #define STDC_HEADERS 1
| #define HAVE_SYS_TYPES_H 1
| #define HAVE_SYS_STAT_H 1
| #define HAVE_STDLIB_H 1
| #define HAVE_STRING_H 1
| #define HAVE_MEMORY_H 1
| #define HAVE_STRINGS_H 1
| #define HAVE_INTTYPES_H 1
| #define HAVE_STDINT_H 1
| #define HAVE_UNISTD_H 1
| #define HAVE_DLFCN_H 1
| #define HAVE_LIBDL 1
| #define STDC_HEADERS 1
| #define HAVE__BOOL 1
| #define HAVE_STDBOOL_H 1
| #define TIME_WITH_SYS_TIME 1
| #define HAVE_ARPA_INET_H 1
| #define HAVE_NETDB_H 1
| #define HAVE_SYS_SOCKET_H 1
| #define HAVE_TIME_H 1
| #define HAVE_SYS_TIME_H 1
| #define HAVE_SYSLOG_H 1
| #define HAVE_STDIO_H 1
| #define HAVE_STDARG_H 1
| /* end confdefs.h.  */
| #include <stdio.h>
| #ifdef HAVE_SYS_TYPES_H
| # include <sys/types.h>
| #endif
| #ifdef HAVE_SYS_STAT_H
| # include <sys/stat.h>
| #endif
| #ifdef STDC_HEADERS
| # include <stdlib.h>
| # include <stddef.h>
| #else
| # ifdef HAVE_STDLIB_H
| #  include <stdlib.h>
| # endif
| #endif
| #ifdef HAVE_STRING_H
| # if !defined STDC_HEADERS && defined HAVE_MEMORY_H
| #  include <memory.h>
| # endif
| # include <string.h>
| #endif
| #ifdef HAVE_STRINGS_H
| # include <strings.h>
| #endif
| #ifdef HAVE_INTTYPES_H
| # include <inttypes.h>
| #endif
| #ifdef HAVE_STDINT_H
| # include <stdint.h>
| #endif
| #ifdef HAVE_UNISTD_H
| # include <unistd.h>
| #endif
| int
| main ()
| {
| if (sizeof ((size_t)))
| 	  return 0;
|   ;
|   return 0;
| }
configure:22329: result: yes
configure:22341: checking whether struct tm is in sys/time.h or time.h
configure:22371: gcc -c -g -O2  conftest.c >&5
configure:22378: $? = 0
configure:22393: result: time.h
configure:22403: checking return type of signal handlers
configure:22431: gcc -c -g -O2  conftest.c >&5
conftest.c: In function 'main':
conftest.c:40: error: void value not ignored as it ought to be
configure:22438: $? = 1
configure: failed program was:
| /* confdefs.h.  */
| #define PACKAGE_NAME "zlogger"
| #define PACKAGE_TARNAME "zlogger"
| #define PACKAGE_VERSION "1.1.2"
| #define PACKAGE_STRING "zlogger 1.1.2"
| #define PACKAGE_BUGREPORT ""
| #define PACKAGE "zlogger"
| #define VERSION "1.1.2"
| #define STDC_HEADERS 1
| #define HAVE_SYS_TYPES_H 1
| #define HAVE_SYS_STAT_H 1
| #define HAVE_STDLIB_H 1
| #define HAVE_STRING_H 1
| #define HAVE_MEMORY_H 1
| #define HAVE_STRINGS_H 1
| #define HAVE_INTTYPES_H 1
| #define HAVE_STDINT_H 1
| #define HAVE_UNISTD_H 1
| #define HAVE_DLFCN_H 1
| #define HAVE_LIBDL 1
| #define STDC_HEADERS 1
| #define HAVE__BOOL 1
| #define HAVE_STDBOOL_H 1
| #define TIME_WITH_SYS_TIME 1
| #define HAVE_ARPA_INET_H 1
| #define HAVE_NETDB_H 1
| #define HAVE_SYS_SOCKET_H 1
| #define HAVE_TIME_H 1
| #define HAVE_SYS_TIME_H 1
| #define HAVE_SYSLOG_H 1
| #define HAVE_STDIO_H 1
| #define HAVE_STDARG_H 1
| /* end confdefs.h.  */
| #include <sys/types.h>
| #include <signal.h>
| 
| int
| main ()
| {
| return *(signal (0, 0)) (0) == 1;
|   ;
|   return 0;
| }
configure:22453: result: void
configure:22466: checking for bzero
configure:22522: gcc -o conftest -g -O2   conftest.c -ldl  >&5
conftest.c:58: warning: conflicting types for built-in function 'bzero'
configure:22529: $? = 0
configure:22551: result: yes
configure:22567: checking for gethostbyname
configure:22623: gcc -o conftest -g -O2   conftest.c -ldl  >&5
configure:22630: $? = 0
configure:22652: result: yes
configure:22668: checking for gettimeofday
configure:22724: gcc -o conftest -g -O2   conftest.c -ldl  >&5
configure:22731: $? = 0
configure:22753: result: yes
configure:22769: checking for memset
configure:22825: gcc -o conftest -g -O2   conftest.c -ldl  >&5
conftest.c:61: warning: conflicting types for built-in function 'memset'
configure:22832: $? = 0
configure:22854: result: yes
configure:22870: checking for socket
configure:22926: gcc -o conftest -g -O2   conftest.c -ldl  >&5
configure:22933: $? = 0
configure:22955: result: yes
configure:22971: checking for strcasecmp
configure:23027: gcc -o conftest -g -O2   conftest.c -ldl  >&5
conftest.c:63: warning: conflicting types for built-in function 'strcasecmp'
configure:23034: $? = 0
configure:23056: result: yes
configure:23072: checking for strchr
configure:23128: gcc -o conftest -g -O2   conftest.c -ldl  >&5
conftest.c:64: warning: conflicting types for built-in function 'strchr'
configure:23135: $? = 0
configure:23157: result: yes
configure:23173: checking for strdup
configure:23229: gcc -o conftest -g -O2   conftest.c -ldl  >&5
conftest.c:65: warning: conflicting types for built-in function 'strdup'
configure:23236: $? = 0
configure:23258: result: yes
configure:23274: checking for strncasecmp
configure:23330: gcc -o conftest -g -O2   conftest.c -ldl  >&5
conftest.c:66: warning: conflicting types for built-in function 'strncasecmp'
configure:23337: $? = 0
configure:23359: result: yes
configure:23376: checking for stdlib.h
configure:23383: result: yes
configure:23517: checking for GNU libc compatible malloc
configure:23551: gcc -o conftest -g -O2   conftest.c -ldl  >&5
configure:23555: $? = 0
configure:23561: ./conftest
configure:23565: $? = 0
configure:23582: result: yes
configure:23612: checking for floor in -lm
configure:23647: gcc -o conftest -g -O2   conftest.c -lm  -ldl  >&5
conftest.c:53: warning: conflicting types for built-in function 'floor'
configure:23654: $? = 0
configure:23675: result: yes
configure:23694: checking for floor
configure:23750: gcc -o conftest -g -O2   conftest.c -lm -ldl  >&5
conftest.c:70: warning: conflicting types for built-in function 'floor'
configure:23757: $? = 0
configure:23779: result: yes
configure:23792: checking if plugins should be built 
configure:23813: result: yes 
configure:23834: checking for pth_spawn in -lpth
configure:23869: gcc -o conftest -g -O2  -DPLUGIN_DIR=\"$(PLUGINDIR)\"  conftest.c -lpth  -lm -ldl  >&5
<command-line>: warning: missing terminating " character
configure:23876: $? = 0
configure:23897: result: yes
configure:23908: checking --disable-pth-plugins argument
configure:23923: result: false
configure:23947: checking pth.h usability
configure:23964: gcc -c -g -O2  -DPLUGIN_DIR=\"$(PLUGINDIR)\" conftest.c >&5
<command-line>: warning: missing terminating " character
configure:23971: $? = 0
configure:23985: result: yes
configure:23989: checking pth.h presence
configure:24004: gcc -E  -DPLUGIN_DIR=\"$(PLUGINDIR)\" conftest.c
<command-line>: warning: missing terminating " character
configure:24011: $? = 0
configure:24025: result: yes
configure:24053: checking for pth.h
configure:24062: result: yes
configure:24101: checking if zLogger utilities should be built 
configure:24116: result: true 
configure:24127: checking if doxygen is available 
configure:24148: result: no 
configure:24323: creating ./config.status
configure:25672: 
configure:25674: 
configure:25676: 
configure:25678: ------------------------------------------- 
configure:25680: -                                         - 
configure:25682: - zLogger - configuration status report   - 
configure:25684: -                                         - 
configure:25686: -                                         - 
configure:25688: -        (check for correctness)          - 
configure:25690: -                                         - 
configure:25692: ------------------------------------------- 
configure:25694: 
configure:25697: - no documentation created for C API                (--with-doxygen=no) 
configure:25704: - standard plugins will be built                    (--with-plugins) 
configure:25707: - PTH plugins will be built                         (--enable-pth-plugins) 
configure:25718: - utilities will be built                           (--enable-utilities) 
configure:25724: 
configure:25726: 

## ---------------- ##
## Cache variables. ##
## ---------------- ##

ac_cv_build=i686-pc-linux-gnu
ac_cv_c_compiler_gnu=yes
ac_cv_c_const=yes
ac_cv_c_uint16_t=yes
ac_cv_c_uint32_t=yes
ac_cv_c_uint8_t=yes
ac_cv_cxx_compiler_gnu=no
ac_cv_env_CCC_set=
ac_cv_env_CCC_value=
ac_cv_env_CC_set=
ac_cv_env_CC_value=
ac_cv_env_CFLAGS_set=
ac_cv_env_CFLAGS_value=
ac_cv_env_CPPFLAGS_set=
ac_cv_env_CPPFLAGS_value=
ac_cv_env_CPP_set=
ac_cv_env_CPP_value=
ac_cv_env_CXXCPP_set=
ac_cv_env_CXXCPP_value=
ac_cv_env_CXXFLAGS_set=
ac_cv_env_CXXFLAGS_value=
ac_cv_env_CXX_set=
ac_cv_env_CXX_value=
ac_cv_env_F77_set=
ac_cv_env_F77_value=
ac_cv_env_FFLAGS_set=
ac_cv_env_FFLAGS_value=
ac_cv_env_LDFLAGS_set=
ac_cv_env_LDFLAGS_value=
ac_cv_env_LIBS_set=
ac_cv_env_LIBS_value=
ac_cv_env_build_alias_set=
ac_cv_env_build_alias_value=
ac_cv_env_host_alias_set=
ac_cv_env_host_alias_value=
ac_cv_env_target_alias_set=
ac_cv_env_target_alias_value=
ac_cv_f77_compiler_gnu=no
ac_cv_func_bzero=yes
ac_cv_func_floor=yes
ac_cv_func_gethostbyname=yes
ac_cv_func_gettimeofday=yes
ac_cv_func_malloc_0_nonnull=yes
ac_cv_func_memset=yes
ac_cv_func_socket=yes
ac_cv_func_strcasecmp=yes
ac_cv_func_strchr=yes
ac_cv_func_strdup=yes
ac_cv_func_strncasecmp=yes
ac_cv_header_arpa_inet_h=yes
ac_cv_header_dlfcn_h=yes
ac_cv_header_inttypes_h=yes
ac_cv_header_memory_h=yes
ac_cv_header_netdb_h=yes
ac_cv_header_pth_h=yes
ac_cv_header_stdarg_h=yes
ac_cv_header_stdbool_h=yes
ac_cv_header_stdc=yes
ac_cv_header_stdint_h=yes
ac_cv_header_stdio_h=yes
ac_cv_header_stdlib_h=yes
ac_cv_header_string_h=yes
ac_cv_header_strings_h=yes
ac_cv_header_sys_socket_h=yes
ac_cv_header_sys_stat_h=yes
ac_cv_header_sys_time_h=yes
ac_cv_header_sys_types_h=yes
ac_cv_header_syslog_h=yes
ac_cv_header_time=yes
ac_cv_header_time_h=yes
ac_cv_header_unistd_h=yes
ac_cv_host=i686-pc-linux-gnu
ac_cv_lib_dl_dlopen=yes
ac_cv_lib_m_floor=yes
ac_cv_lib_pth_pth_spawn=yes
ac_cv_objext=o
ac_cv_path_EGREP='/bin/grep -E'
ac_cv_path_GREP=/bin/grep
ac_cv_path_install='/usr/bin/install -c'
ac_cv_path_mkdir=/bin/mkdir
ac_cv_prog_AWK=gawk
ac_cv_prog_CPP='gcc -E'
ac_cv_prog_ac_ct_AR=ar
ac_cv_prog_ac_ct_CC=gcc
ac_cv_prog_ac_ct_RANLIB=ranlib
ac_cv_prog_ac_ct_STRIP=strip
ac_cv_prog_cc_c89=
ac_cv_prog_cc_g=yes
ac_cv_prog_cxx_g=no
ac_cv_prog_f77_g=no
ac_cv_prog_make_make_set=yes
ac_cv_struct_tm=time.h
ac_cv_type__Bool=yes
ac_cv_type_signal=void
ac_cv_type_size_t=yes
ac_cv_type_uid_t=yes
am_cv_CC_dependencies_compiler_type=gcc3
am_cv_CXX_dependencies_compiler_type=none
lt_cv_deplibs_check_method=pass_all
lt_cv_file_magic_cmd='$MAGIC_CMD'
lt_cv_file_magic_test_file=
lt_cv_ld_reload_flag=-r
lt_cv_objdir=.libs
lt_cv_path_LD=/usr/bin/ld
lt_cv_path_NM='/usr/bin/nm -B'
lt_cv_path_SED=/bin/sed
lt_cv_prog_compiler_c_o=yes
lt_cv_prog_compiler_pic_works=yes
lt_cv_prog_compiler_rtti_exceptions=no
lt_cv_prog_compiler_static_works=yes
lt_cv_prog_gnu_ld=yes
lt_cv_sys_global_symbol_pipe='sed -n -e '\''s/^.*[ 	]\([ABCDGIRSTW][ABCDGIRSTW]*\)[ 	][ 	]*\([_A-Za-z][_A-Za-z0-9]*\)$/\1 \2 \2/p'\'''
lt_cv_sys_global_symbol_to_c_name_address='sed -n -e '\''s/^: \([^ ]*\) $/  {\"\1\", (lt_ptr) 0},/p'\'' -e '\''s/^[BCDEGRST] \([^ ]*\) \([^ ]*\)$/  {"\2", (lt_ptr) \&\2},/p'\'''
lt_cv_sys_global_symbol_to_cdecl='sed -n -e '\''s/^. .* \(.*\)$/extern int \1;/p'\'''
lt_cv_sys_lib_dlsearch_path_spec='/lib /usr/lib /usr/lib/mesa /lib/i486-linux-gnu /usr/lib/i486-linux-gnu /usr/lib/alsa-lib /usr/local/lib '
lt_cv_sys_lib_search_path_spec='/usr/lib/gcc/i486-linux-gnu/4.4.3 /usr/lib /lib /usr/lib/i486-linux-gnu'
lt_cv_sys_max_cmd_len=805306365
lt_lt_cv_prog_compiler_c_o='"yes"'
lt_lt_cv_sys_global_symbol_pipe='"sed -n -e '\''s/^.*[ 	]\\([ABCDGIRSTW][ABCDGIRSTW]*\\)[ 	][ 	]*\\([_A-Za-z][_A-Za-z0-9]*\\)\$/\\1 \\2 \\2/p'\''"'
lt_lt_cv_sys_global_symbol_to_c_name_address='"sed -n -e '\''s/^: \\([^ ]*\\) \$/  {\\\"\\1\\\", (lt_ptr) 0},/p'\'' -e '\''s/^[BCDEGRST] \\([^ ]*\\) \\([^ ]*\\)\$/  {\"\\2\", (lt_ptr) \\&\\2},/p'\''"'
lt_lt_cv_sys_global_symbol_to_cdecl='"sed -n -e '\''s/^. .* \\(.*\\)\$/extern int \\1;/p'\''"'

## ----------------- ##
## Output variables. ##
## ----------------- ##

ACLOCAL='${SHELL} /home/nagash/EDC/dipendenze/Build/zlogger-1.1.2/scripts/missing --run aclocal-1.10'
AMDEPBACKSLASH='\'
AMDEP_FALSE='#'
AMDEP_TRUE=''
AMTAR='${SHELL} /home/nagash/EDC/dipendenze/Build/zlogger-1.1.2/scripts/missing --run tar'
AR='ar'
AUTOCONF='${SHELL} /home/nagash/EDC/dipendenze/Build/zlogger-1.1.2/scripts/missing --run autoconf'
AUTOHEADER='${SHELL} /home/nagash/EDC/dipendenze/Build/zlogger-1.1.2/scripts/missing --run autoheader'
AUTOMAKE='${SHELL} /home/nagash/EDC/dipendenze/Build/zlogger-1.1.2/scripts/missing --run automake-1.10'
AWK='gawk'
CC='gcc'
CCDEPMODE='depmode=gcc3'
CFLAGS='-g -O2'
CPP='gcc -E'
CPPFLAGS=' -DPLUGIN_DIR=\"$(PLUGINDIR)\"'
CXX='g++'
CXXCPP=''
CXXDEPMODE='depmode=none'
CXXFLAGS=''
CYGPATH_W='echo'
DEFS='-DHAVE_CONFIG_H'
DEPDIR='.deps'
DOXYGEN_AVAILABLE_FALSE=''
DOXYGEN_AVAILABLE_TRUE='#'
DSYMUTIL=''
ECHO='echo'
ECHO_C=''
ECHO_N='-n'
ECHO_T=''
EGREP='/bin/grep -E'
EXEEXT=''
F77=''
FFLAGS=''
GREP='/bin/grep'
HAVE_PLUGINS_FALSE='#'
HAVE_PLUGINS_TRUE=''
HAVE_UTILITIES_FALSE='#'
HAVE_UTILITIES_TRUE=''
INSTALL_DATA='${INSTALL} -m 644'
INSTALL_PROGRAM='${INSTALL}'
INSTALL_SCRIPT='${INSTALL}'
INSTALL_STRIP_PROGRAM='$(install_sh) -c -s'
LDFLAGS=''
LIBOBJS=''
LIBPTH='-lpth'
LIBS='-lm -ldl '
LIBTOOL='$(SHELL) $(top_builddir)/libtool'
LN_S='ln -s'
LTLIBOBJS=''
MAKEINFO='${SHELL} /home/nagash/EDC/dipendenze/Build/zlogger-1.1.2/scripts/missing --run makeinfo'
MKDIR_P='/bin/mkdir -p'
NMEDIT=''
OBJEXT='o'
PACKAGE='zlogger'
PACKAGE_BUGREPORT=''
PACKAGE_NAME='zlogger'
PACKAGE_STRING='zlogger 1.1.2'
PACKAGE_TARNAME='zlogger'
PACKAGE_VERSION='1.1.2'
PATH_SEPARATOR=':'
PLUGINDIR='${libdir}/zlogger/plugins/${VERSION}'
RANLIB='ranlib'
SED='/bin/sed'
SET_MAKE=''
SHELL='/bin/bash'
STRIP='strip'
VERSION='1.1.2'
WITH_PTH_PLUGINS_FALSE='#'
WITH_PTH_PLUGINS_TRUE=''
ac_ct_CC='gcc'
ac_ct_CXX=''
ac_ct_F77=''
am__fastdepCC_FALSE='#'
am__fastdepCC_TRUE=''
am__fastdepCXX_FALSE=''
am__fastdepCXX_TRUE='#'
am__include='include'
am__isrc=''
am__leading_dot='.'
am__quote=''
am__tar='${AMTAR} chof - "$$tardir"'
am__untar='${AMTAR} xf -'
bindir='${exec_prefix}/bin'
build='i686-pc-linux-gnu'
build_alias=''
build_cpu='i686'
build_os='linux-gnu'
build_vendor='pc'
datadir='${datarootdir}'
datarootdir='${prefix}/share'
docdir='${datarootdir}/doc/${PACKAGE_TARNAME}'
dvidir='${docdir}'
exec_prefix='${prefix}'
host='i686-pc-linux-gnu'
host_alias=''
host_cpu='i686'
host_os='linux-gnu'
host_vendor='pc'
htmldir='${docdir}'
includedir='${prefix}/include'
infodir='${datarootdir}/info'
install_sh='$(SHELL) /home/nagash/EDC/dipendenze/Build/zlogger-1.1.2/scripts/install-sh'
libdir='${exec_prefix}/lib'
libexecdir='${exec_prefix}/libexec'
localedir='${datarootdir}/locale'
localstatedir='${prefix}/var'
mandir='${datarootdir}/man'
mkdir_p='/bin/mkdir -p'
oldincludedir='/usr/include'
pdfdir='${docdir}'
prefix='/usr/local'
program_transform_name='s,x,x,'
psdir='${docdir}'
sbindir='${exec_prefix}/sbin'
sharedstatedir='${prefix}/com'
sysconfdir='${prefix}/etc'
target_alias=''

## ----------- ##
## confdefs.h. ##
## ----------- ##

#define PACKAGE_NAME "zlogger"
#define PACKAGE_TARNAME "zlogger"
#define PACKAGE_VERSION "1.1.2"
#define PACKAGE_STRING "zlogger 1.1.2"
#define PACKAGE_BUGREPORT ""
#define PACKAGE "zlogger"
#define VERSION "1.1.2"
#define STDC_HEADERS 1
#define HAVE_SYS_TYPES_H 1
#define HAVE_SYS_STAT_H 1
#define HAVE_STDLIB_H 1
#define HAVE_STRING_H 1
#define HAVE_MEMORY_H 1
#define HAVE_STRINGS_H 1
#define HAVE_INTTYPES_H 1
#define HAVE_STDINT_H 1
#define HAVE_UNISTD_H 1
#define HAVE_DLFCN_H 1
#define HAVE_LIBDL 1
#define STDC_HEADERS 1
#define HAVE__BOOL 1
#define HAVE_STDBOOL_H 1
#define TIME_WITH_SYS_TIME 1
#define HAVE_ARPA_INET_H 1
#define HAVE_NETDB_H 1
#define HAVE_SYS_SOCKET_H 1
#define HAVE_TIME_H 1
#define HAVE_SYS_TIME_H 1
#define HAVE_SYSLOG_H 1
#define HAVE_STDIO_H 1
#define HAVE_STDARG_H 1
#define RETSIGTYPE void
#define HAVE_BZERO 1
#define HAVE_GETHOSTBYNAME 1
#define HAVE_GETTIMEOFDAY 1
#define HAVE_MEMSET 1
#define HAVE_SOCKET 1
#define HAVE_STRCASECMP 1
#define HAVE_STRCHR 1
#define HAVE_STRDUP 1
#define HAVE_STRNCASECMP 1
#define HAVE_STDLIB_H 1
#define HAVE_MALLOC 1
#define HAVE_LIBM 1
#define HAVE_FLOOR 1
#define HAVE_PLUGINS /**/
#define WITH_PTH_PLUGINS /**/
#define HAVE_PTH_H 1

configure: exit 0

## ---------------------- ##
## Running config.status. ##
## ---------------------- ##

This file was extended by zlogger config.status 1.1.2, which was
generated by GNU Autoconf 2.63.  Invocation command line was

  CONFIG_FILES    = 
  CONFIG_HEADERS  = 
  CONFIG_LINKS    = 
  CONFIG_COMMANDS = 
  $ ./config.status 

on nagash-laptop-ubuntu

config.status:850: creating Makefile
config.status:850: creating plugins/Makefile
config.status:850: creating plugins/appender_null/Makefile
config.status:850: creating plugins/appender_udp/Makefile
config.status:850: creating plugins/format_zlog/Makefile
config.status:850: creating plugins/appender_pth_file/Makefile
config.status:850: creating plugins/appender_pth_udp/Makefile
config.status:850: creating utilities/Makefile
config.status:850: creating utilities/udp_receiver/Makefile
config.status:850: creating utilities/analyser/Makefile
config.status:850: creating doc/Makefile
config.status:850: creating doc/clib.doxyfile
config.status:850: creating doc/dev.doxyfile
config.status:850: creating pkgconfig/Makefile
config.status:850: creating pkgconfig/libzlogger.pc
config.status:850: creating config.h
config.status:1072: config.h is unchanged
config.status:1124: executing depfiles commands

## ---------------------- ##
## Running config.status. ##
## ---------------------- ##

This file was extended by zlogger config.status 1.1.2, which was
generated by GNU Autoconf 2.63.  Invocation command line was

  CONFIG_FILES    = 
  CONFIG_HEADERS  = 
  CONFIG_LINKS    = 
  CONFIG_COMMANDS = 
  $ ./config.status config.h

on nagash-laptop-ubuntu

config.status:850: creating config.h
config.status:1072: config.h is unchanged
