This file contains any messages produced by compilers while
running configure, to aid debugging if configure makes a mistake.

It was created by eibnetmux configure 1.9.14, which was
generated by GNU Autoconf 2.63.  Invocation command line was

  $ ./configure 

## --------- ##
## Platform. ##
## --------- ##

hostname = nagash-desktop
uname -m = i686
uname -r = 2.6.31-14-generic
uname -s = Linux
uname -v = #48-Ubuntu SMP Fri Oct 16 14:04:26 UTC 2009

/usr/bin/uname -p = unknown
/bin/uname -X     = unknown

/bin/arch              = unknown
/usr/bin/arch -k       = unknown
/usr/convex/getsysinfo = unknown
/usr/bin/hostinfo      = unknown
/bin/machine           = unknown
/usr/bin/oslevel       = unknown
/bin/universe          = unknown

PATH: /usr/local/sbin
PATH: /usr/local/bin
PATH: /usr/sbin
PATH: /usr/bin
PATH: /sbin
PATH: /bin
PATH: /usr/games


## ----------- ##
## Core tests. ##
## ----------- ##

configure:2151: checking for a BSD-compatible install
configure:2219: result: /usr/bin/install -c
configure:2230: checking whether build environment is sane
configure:2273: result: yes
configure:2298: checking for a thread-safe mkdir -p
configure:2337: result: /bin/mkdir -p
configure:2350: checking for gawk
configure:2380: result: no
configure:2350: checking for mawk
configure:2366: found /usr/bin/mawk
configure:2377: result: mawk
configure:2388: checking whether make sets $(MAKE)
configure:2410: result: yes
configure:2605: checking build system type
configure:2623: result: i686-pc-linux-gnu
configure:2645: checking host system type
configure:2660: result: i686-pc-linux-gnu
configure:2694: checking for style of include used by make
configure:2722: result: GNU
configure:2792: checking for gcc
configure:2808: found /usr/bin/gcc
configure:2819: result: gcc
configure:3051: checking for C compiler version
configure:3059: gcc --version >&5
gcc (Ubuntu 4.4.1-4ubuntu8) 4.4.1
Copyright (C) 2009 Free Software Foundation, Inc.
This is free software; see the source for copying conditions.  There is NO
warranty; not even for MERCHANTABILITY or FITNESS FOR A PARTICULAR PURPOSE.

configure:3063: $? = 0
configure:3070: gcc -v >&5
Using built-in specs.
Target: i486-linux-gnu
Configured with: ../src/configure -v --with-pkgversion='Ubuntu 4.4.1-4ubuntu8' --with-bugurl=file:///usr/share/doc/gcc-4.4/README.Bugs --enable-languages=c,c++,fortran,objc,obj-c++ --prefix=/usr --enable-shared --enable-multiarch --enable-linker-build-id --with-system-zlib --libexecdir=/usr/lib --without-included-gettext --enable-threads=posix --with-gxx-include-dir=/usr/include/c++/4.4 --program-suffix=-4.4 --enable-nls --enable-clocale=gnu --enable-libstdcxx-debug --enable-objc-gc --enable-targets=all --disable-werror --with-arch-32=i486 --with-tune=generic --enable-checking=release --build=i486-linux-gnu --host=i486-linux-gnu --target=i486-linux-gnu
Thread model: posix
gcc version 4.4.1 (Ubuntu 4.4.1-4ubuntu8) 
configure:3074: $? = 0
configure:3081: gcc -V >&5
gcc: '-V' option must have argument
configure:3085: $? = 1
configure:3108: checking for C compiler default output file name
configure:3130: gcc    conftest.c  >&5
configure:3134: $? = 0
configure:3172: result: a.out
configure:3191: checking whether the C compiler works
configure:3201: ./a.out
configure:3205: $? = 0
configure:3224: result: yes
configure:3231: checking whether we are cross compiling
configure:3233: result: no
configure:3236: checking for suffix of executables
configure:3243: gcc -o conftest    conftest.c  >&5
configure:3247: $? = 0
configure:3273: result: 
configure:3279: checking for suffix of object files
configure:3305: gcc -c   conftest.c >&5
configure:3309: $? = 0
configure:3334: result: o
configure:3338: checking whether we are using the GNU C compiler
configure:3367: gcc -c   conftest.c >&5
configure:3374: $? = 0
configure:3391: result: yes
configure:3400: checking whether gcc accepts -g
configure:3430: gcc -c -g  conftest.c >&5
configure:3437: $? = 0
configure:3538: result: yes
configure:3555: checking for gcc option to accept ISO C89
configure:3629: gcc  -c -g -O2  conftest.c >&5
configure:3636: $? = 0
configure:3659: result: none needed
configure:3679: checking dependency style of gcc
configure:3770: result: gcc3
configure:3791: checking how to run the C preprocessor
configure:3831: gcc -E  conftest.c
configure:3838: $? = 0
configure:3869: gcc -E  conftest.c
conftest.c:10:28: error: ac_nonexistent.h: No such file or directory
configure:3876: $? = 1
configure: failed program was:
| /* confdefs.h.  */
| #define PACKAGE_NAME "eibnetmux"
| #define PACKAGE_TARNAME "eibnetmux"
| #define PACKAGE_VERSION "1.9.14"
| #define PACKAGE_STRING "eibnetmux 1.9.14"
| #define PACKAGE_BUGREPORT ""
| #define PACKAGE "eibnetmux"
| #define VERSION "1.9.14"
| /* end confdefs.h.  */
| #include <ac_nonexistent.h>
configure:3909: result: gcc -E
configure:3938: gcc -E  conftest.c
configure:3945: $? = 0
configure:3976: gcc -E  conftest.c
conftest.c:10:28: error: ac_nonexistent.h: No such file or directory
configure:3983: $? = 1
configure: failed program was:
| /* confdefs.h.  */
| #define PACKAGE_NAME "eibnetmux"
| #define PACKAGE_TARNAME "eibnetmux"
| #define PACKAGE_VERSION "1.9.14"
| #define PACKAGE_STRING "eibnetmux 1.9.14"
| #define PACKAGE_BUGREPORT ""
| #define PACKAGE "eibnetmux"
| #define VERSION "1.9.14"
| /* end confdefs.h.  */
| #include <ac_nonexistent.h>
configure:4023: checking for grep that handles long lines and -e
configure:4083: result: /bin/grep
configure:4088: checking for egrep
configure:4152: result: /bin/grep -E
configure:4157: checking for ANSI C header files
configure:4187: gcc -c -g -O2  conftest.c >&5
configure:4194: $? = 0
configure:4293: gcc -o conftest -g -O2   conftest.c  >&5
configure:4297: $? = 0
configure:4303: ./conftest
configure:4307: $? = 0
configure:4325: result: yes
configure:4350: checking for sys/types.h
configure:4371: gcc -c -g -O2  conftest.c >&5
configure:4378: $? = 0
configure:4395: result: yes
configure:4350: checking for sys/stat.h
configure:4371: gcc -c -g -O2  conftest.c >&5
configure:4378: $? = 0
configure:4395: result: yes
configure:4350: checking for stdlib.h
configure:4371: gcc -c -g -O2  conftest.c >&5
configure:4378: $? = 0
configure:4395: result: yes
configure:4350: checking for string.h
configure:4371: gcc -c -g -O2  conftest.c >&5
configure:4378: $? = 0
configure:4395: result: yes
configure:4350: checking for memory.h
configure:4371: gcc -c -g -O2  conftest.c >&5
configure:4378: $? = 0
configure:4395: result: yes
configure:4350: checking for strings.h
configure:4371: gcc -c -g -O2  conftest.c >&5
configure:4378: $? = 0
configure:4395: result: yes
configure:4350: checking for inttypes.h
configure:4371: gcc -c -g -O2  conftest.c >&5
configure:4378: $? = 0
configure:4395: result: yes
configure:4350: checking for stdint.h
configure:4371: gcc -c -g -O2  conftest.c >&5
configure:4378: $? = 0
configure:4395: result: yes
configure:4350: checking for unistd.h
configure:4371: gcc -c -g -O2  conftest.c >&5
configure:4378: $? = 0
configure:4395: result: yes
configure:4410: checking whether byte ordering is bigendian
configure:4435: gcc -c -g -O2  conftest.c >&5
conftest.c:21: error: expected '=', ',', ';', 'asm' or '__attribute__' before 'a'
configure:4442: $? = 1
configure: failed program was:
| /* confdefs.h.  */
| #define PACKAGE_NAME "eibnetmux"
| #define PACKAGE_TARNAME "eibnetmux"
| #define PACKAGE_VERSION "1.9.14"
| #define PACKAGE_STRING "eibnetmux 1.9.14"
| #define PACKAGE_BUGREPORT ""
| #define PACKAGE "eibnetmux"
| #define VERSION "1.9.14"
| #define STDC_HEADERS 1
| #define HAVE_SYS_TYPES_H 1
| #define HAVE_SYS_STAT_H 1
| #define HAVE_STDLIB_H 1
| #define HAVE_STRING_H 1
| #define HAVE_MEMORY_H 1
| #define HAVE_STRINGS_H 1
| #define HAVE_INTTYPES_H 1
| #define HAVE_STDINT_H 1
| #define HAVE_UNISTD_H 1
| /* end confdefs.h.  */
| #ifndef __APPLE_CC__
| 	       not a universal capable compiler
| 	     #endif
| 	     typedef int dummy;
| 
configure:4492: gcc -c -g -O2  conftest.c >&5
configure:4499: $? = 0
configure:4531: gcc -c -g -O2  conftest.c >&5
conftest.c: In function 'main':
conftest.c:27: error: 'not' undeclared (first use in this function)
conftest.c:27: error: (Each undeclared identifier is reported only once
conftest.c:27: error: for each function it appears in.)
conftest.c:27: error: expected ';' before 'big'
configure:4538: $? = 1
configure: failed program was:
| /* confdefs.h.  */
| #define PACKAGE_NAME "eibnetmux"
| #define PACKAGE_TARNAME "eibnetmux"
| #define PACKAGE_VERSION "1.9.14"
| #define PACKAGE_STRING "eibnetmux 1.9.14"
| #define PACKAGE_BUGREPORT ""
| #define PACKAGE "eibnetmux"
| #define VERSION "1.9.14"
| #define STDC_HEADERS 1
| #define HAVE_SYS_TYPES_H 1
| #define HAVE_SYS_STAT_H 1
| #define HAVE_STDLIB_H 1
| #define HAVE_STRING_H 1
| #define HAVE_MEMORY_H 1
| #define HAVE_STRINGS_H 1
| #define HAVE_INTTYPES_H 1
| #define HAVE_STDINT_H 1
| #define HAVE_UNISTD_H 1
| /* end confdefs.h.  */
| #include <sys/types.h>
| 		#include <sys/param.h>
| 
| int
| main ()
| {
| #if BYTE_ORDER != BIG_ENDIAN
| 		 not big endian
| 		#endif
| 
|   ;
|   return 0;
| }
configure:4790: result: no
configure:4909: checking for a sed that does not truncate output
configure:4965: result: /bin/sed
configure:4979: checking for ld used by gcc
configure:5046: result: /usr/bin/ld
configure:5055: checking if the linker (/usr/bin/ld) is GNU ld
configure:5070: result: yes
configure:5075: checking for /usr/bin/ld option to reload object files
configure:5082: result: -r
configure:5100: checking for BSD-compatible nm
configure:5149: result: /usr/bin/nm -B
configure:5153: checking whether ln -s works
configure:5157: result: yes
configure:5164: checking how to recognize dependent libraries
configure:5350: result: pass_all
configure:5609: checking dlfcn.h usability
configure:5626: gcc -c -g -O2  conftest.c >&5
configure:5633: $? = 0
configure:5647: result: yes
configure:5651: checking dlfcn.h presence
configure:5666: gcc -E  conftest.c
configure:5673: $? = 0
configure:5687: result: yes
configure:5715: checking for dlfcn.h
configure:5724: result: yes
configure:5797: checking for g++
configure:5813: found /usr/bin/g++
configure:5824: result: g++
configure:5851: checking for C++ compiler version
configure:5859: g++ --version >&5
g++ (Ubuntu 4.4.1-4ubuntu8) 4.4.1
Copyright (C) 2009 Free Software Foundation, Inc.
This is free software; see the source for copying conditions.  There is NO
warranty; not even for MERCHANTABILITY or FITNESS FOR A PARTICULAR PURPOSE.

configure:5863: $? = 0
configure:5870: g++ -v >&5
Using built-in specs.
Target: i486-linux-gnu
Configured with: ../src/configure -v --with-pkgversion='Ubuntu 4.4.1-4ubuntu8' --with-bugurl=file:///usr/share/doc/gcc-4.4/README.Bugs --enable-languages=c,c++,fortran,objc,obj-c++ --prefix=/usr --enable-shared --enable-multiarch --enable-linker-build-id --with-system-zlib --libexecdir=/usr/lib --without-included-gettext --enable-threads=posix --with-gxx-include-dir=/usr/include/c++/4.4 --program-suffix=-4.4 --enable-nls --enable-clocale=gnu --enable-libstdcxx-debug --enable-objc-gc --enable-targets=all --disable-werror --with-arch-32=i486 --with-tune=generic --enable-checking=release --build=i486-linux-gnu --host=i486-linux-gnu --target=i486-linux-gnu
Thread model: posix
gcc version 4.4.1 (Ubuntu 4.4.1-4ubuntu8) 
configure:5874: $? = 0
configure:5881: g++ -V >&5
g++: '-V' option must have argument
configure:5885: $? = 1
configure:5888: checking whether we are using the GNU C++ compiler
configure:5917: g++ -c   conftest.cpp >&5
configure:5924: $? = 0
configure:5941: result: yes
configure:5950: checking whether g++ accepts -g
configure:5980: g++ -c -g  conftest.cpp >&5
configure:5987: $? = 0
configure:6088: result: yes
configure:6113: checking dependency style of g++
configure:6204: result: gcc3
configure:6229: checking how to run the C++ preprocessor
configure:6265: g++ -E  conftest.cpp
configure:6272: $? = 0
configure:6303: g++ -E  conftest.cpp
conftest.cpp:24:28: error: ac_nonexistent.h: No such file or directory
configure:6310: $? = 1
configure: failed program was:
| /* confdefs.h.  */
| #define PACKAGE_NAME "eibnetmux"
| #define PACKAGE_TARNAME "eibnetmux"
| #define PACKAGE_VERSION "1.9.14"
| #define PACKAGE_STRING "eibnetmux 1.9.14"
| #define PACKAGE_BUGREPORT ""
| #define PACKAGE "eibnetmux"
| #define VERSION "1.9.14"
| #define STDC_HEADERS 1
| #define HAVE_SYS_TYPES_H 1
| #define HAVE_SYS_STAT_H 1
| #define HAVE_STDLIB_H 1
| #define HAVE_STRING_H 1
| #define HAVE_MEMORY_H 1
| #define HAVE_STRINGS_H 1
| #define HAVE_INTTYPES_H 1
| #define HAVE_STDINT_H 1
| #define HAVE_UNISTD_H 1
| #define __BYTE_ORDER __LITTLE_ENDIAN
| #define __LITTLE_ENDIAN 1234
| #define __BIG_ENDIAN 4321
| #define HAVE_DLFCN_H 1
| /* end confdefs.h.  */
| #include <ac_nonexistent.h>
configure:6343: result: g++ -E
configure:6372: g++ -E  conftest.cpp
configure:6379: $? = 0
configure:6410: g++ -E  conftest.cpp
conftest.cpp:24:28: error: ac_nonexistent.h: No such file or directory
configure:6417: $? = 1
configure: failed program was:
| /* confdefs.h.  */
| #define PACKAGE_NAME "eibnetmux"
| #define PACKAGE_TARNAME "eibnetmux"
| #define PACKAGE_VERSION "1.9.14"
| #define PACKAGE_STRING "eibnetmux 1.9.14"
| #define PACKAGE_BUGREPORT ""
| #define PACKAGE "eibnetmux"
| #define VERSION "1.9.14"
| #define STDC_HEADERS 1
| #define HAVE_SYS_TYPES_H 1
| #define HAVE_SYS_STAT_H 1
| #define HAVE_STDLIB_H 1
| #define HAVE_STRING_H 1
| #define HAVE_MEMORY_H 1
| #define HAVE_STRINGS_H 1
| #define HAVE_INTTYPES_H 1
| #define HAVE_STDINT_H 1
| #define HAVE_UNISTD_H 1
| #define __BYTE_ORDER __LITTLE_ENDIAN
| #define __LITTLE_ENDIAN 1234
| #define __BIG_ENDIAN 4321
| #define HAVE_DLFCN_H 1
| /* end confdefs.h.  */
| #include <ac_nonexistent.h>
configure:6512: checking for g77
configure:6542: result: no
configure:6512: checking for xlf
configure:6542: result: no
configure:6512: checking for f77
configure:6542: result: no
configure:6512: checking for frt
configure:6542: result: no
configure:6512: checking for pgf77
configure:6542: result: no
configure:6512: checking for cf77
configure:6542: result: no
configure:6512: checking for fort77
configure:6542: result: no
configure:6512: checking for fl32
configure:6542: result: no
configure:6512: checking for af77
configure:6542: result: no
configure:6512: checking for xlf90
configure:6542: result: no
configure:6512: checking for f90
configure:6542: result: no
configure:6512: checking for pgf90
configure:6542: result: no
configure:6512: checking for pghpf
configure:6542: result: no
configure:6512: checking for epcf90
configure:6542: result: no
configure:6512: checking for gfortran
configure:6528: found /usr/bin/gfortran
configure:6539: result: gfortran
configure:6565: checking for Fortran 77 compiler version
configure:6573: gfortran --version >&5
GNU Fortran (Ubuntu 4.4.1-4ubuntu8) 4.4.1
Copyright (C) 2009 Free Software Foundation, Inc.

GNU Fortran comes with NO WARRANTY, to the extent permitted by law.
You may redistribute copies of GNU Fortran
under the terms of the GNU General Public License.
For more information about these matters, see the file named COPYING

configure:6577: $? = 0
configure:6584: gfortran -v >&5
Using built-in specs.
Target: i486-linux-gnu
Configured with: ../src/configure -v --with-pkgversion='Ubuntu 4.4.1-4ubuntu8' --with-bugurl=file:///usr/share/doc/gcc-4.4/README.Bugs --enable-languages=c,c++,fortran,objc,obj-c++ --prefix=/usr --enable-shared --enable-multiarch --enable-linker-build-id --with-system-zlib --libexecdir=/usr/lib --without-included-gettext --enable-threads=posix --with-gxx-include-dir=/usr/include/c++/4.4 --program-suffix=-4.4 --enable-nls --enable-clocale=gnu --enable-libstdcxx-debug --enable-objc-gc --enable-targets=all --disable-werror --with-arch-32=i486 --with-tune=generic --enable-checking=release --build=i486-linux-gnu --host=i486-linux-gnu --target=i486-linux-gnu
Thread model: posix
gcc version 4.4.1 (Ubuntu 4.4.1-4ubuntu8) 
configure:6588: $? = 0
configure:6595: gfortran -V >&5
gfortran: '-V' option must have argument
configure:6599: $? = 1
configure:6607: checking whether we are using the GNU Fortran 77 compiler
configure:6626: gfortran -c  conftest.F >&5
configure:6633: $? = 0
configure:6650: result: yes
configure:6656: checking whether gfortran accepts -g
configure:6673: gfortran -c -g conftest.f >&5
configure:6680: $? = 0
configure:6696: result: yes
configure:6729: checking the maximum length of command line arguments
configure:6841: result: 1572864
configure:6853: checking command to parse /usr/bin/nm -B output from gcc object
configure:6958: gcc -c -g -O2  conftest.c >&5
configure:6961: $? = 0
configure:6965: /usr/bin/nm -B conftest.o \| sed -n -e 's/^.*[ 	]\([ABCDGIRSTW][ABCDGIRSTW]*\)[ 	][ 	]*\([_A-Za-z][_A-Za-z0-9]*\)$/\1 \2 \2/p' \> conftest.nm
configure:6968: $? = 0
configure:7020: gcc -o conftest -g -O2   conftest.c conftstm.o >&5
configure:7023: $? = 0
configure:7061: result: ok
configure:7065: checking for objdir
configure:7080: result: .libs
configure:7172: checking for ar
configure:7188: found /usr/bin/ar
configure:7199: result: ar
configure:7264: checking for ranlib
configure:7280: found /usr/bin/ranlib
configure:7291: result: ranlib
configure:7356: checking for strip
configure:7372: found /usr/bin/strip
configure:7383: result: strip
configure:7924: checking for correct ltmain.sh version
configure:7974: result: yes
configure:8034: checking if gcc supports -fno-rtti -fno-exceptions
configure:8052: gcc -c -g -O2  -fno-rtti -fno-exceptions conftest.c >&5
cc1: warning: command line option "-fno-rtti" is valid for C++/ObjC++ but not for C
configure:8056: $? = 0
configure:8069: result: no
configure:8084: checking for gcc option to produce PIC
configure:8316: result: -fPIC
configure:8324: checking if gcc PIC flag -fPIC works
configure:8342: gcc -c -g -O2  -fPIC -DPIC conftest.c >&5
configure:8346: $? = 0
configure:8359: result: yes
configure:8387: checking if gcc static flag -static works
configure:8415: result: yes
configure:8425: checking if gcc supports -c -o file.o
configure:8446: gcc -c -g -O2  -o out/conftest2.o conftest.c >&5
configure:8450: $? = 0
configure:8472: result: yes
configure:8498: checking whether the gcc linker (/usr/bin/ld) supports shared libraries
configure:9486: result: yes
configure:9507: checking whether -lc should be explicitly linked in
configure:9512: gcc -c -g -O2  conftest.c >&5
configure:9515: $? = 0
configure:9530: gcc -shared conftest.o  -v -Wl,-soname -Wl,conftest -o conftest 2\>\&1 \| grep  -lc  \>/dev/null 2\>\&1
configure:9533: $? = 0
configure:9545: result: no
configure:9553: checking dynamic linker characteristics
configure:10168: result: GNU/Linux ld.so
configure:10192: checking how to hardcode library paths into programs
configure:10217: result: immediate
configure:10231: checking whether stripping libraries is possible
configure:10236: result: yes
configure:11066: checking if libtool supports shared libraries
configure:11068: result: yes
configure:11071: checking whether to build shared libraries
configure:11092: result: yes
configure:11095: checking whether to build static libraries
configure:11099: result: yes
configure:11193: creating libtool
configure:11786: checking for ld used by g++
configure:11853: result: /usr/bin/ld
configure:11862: checking if the linker (/usr/bin/ld) is GNU ld
configure:11877: result: yes
configure:11928: checking whether the g++ linker (/usr/bin/ld) supports shared libraries
configure:12882: result: yes
configure:12899: g++ -c -g -O2  conftest.cpp >&5
configure:12902: $? = 0
configure:13058: checking for g++ option to produce PIC
configure:13342: result: -fPIC
configure:13350: checking if g++ PIC flag -fPIC works
configure:13368: g++ -c -g -O2  -fPIC -DPIC conftest.cpp >&5
configure:13372: $? = 0
configure:13385: result: yes
configure:13413: checking if g++ static flag -static works
configure:13441: result: yes
configure:13451: checking if g++ supports -c -o file.o
configure:13472: g++ -c -g -O2  -o out/conftest2.o conftest.cpp >&5
configure:13476: $? = 0
configure:13498: result: yes
configure:13524: checking whether the g++ linker (/usr/bin/ld) supports shared libraries
configure:13550: result: yes
configure:13617: checking dynamic linker characteristics
configure:14180: result: GNU/Linux ld.so
configure:14204: checking how to hardcode library paths into programs
configure:14229: result: immediate
configure:14768: checking if libtool supports shared libraries
configure:14770: result: yes
configure:14773: checking whether to build shared libraries
configure:14793: result: yes
configure:14796: checking whether to build static libraries
configure:14800: result: yes
configure:14810: checking for gfortran option to produce PIC
configure:15042: result: -fPIC
configure:15050: checking if gfortran PIC flag -fPIC works
configure:15068: gfortran -c -g -O2 -fPIC conftest.f >&5
configure:15072: $? = 0
configure:15085: result: yes
configure:15113: checking if gfortran static flag -static works
configure:15141: result: yes
configure:15151: checking if gfortran supports -c -o file.o
configure:15172: gfortran -c -g -O2 -o out/conftest2.o conftest.f >&5
configure:15176: $? = 0
configure:15198: result: yes
configure:15224: checking whether the gfortran linker (/usr/bin/ld) supports shared libraries
configure:16192: result: yes
configure:16259: checking dynamic linker characteristics
configure:16822: result: GNU/Linux ld.so
configure:16846: checking how to hardcode library paths into programs
configure:16871: result: immediate
configure:20506: checking for a BSD-compatible install
configure:20574: result: /usr/bin/install -c
configure:20585: checking whether make sets $(MAKE)
configure:20607: result: yes
configure:20617: checking for pth_spawn in -lpth
configure:20652: gcc -o conftest -g -O2   conftest.c -lpth   >&5
configure:20659: $? = 0
configure:20680: result: yes
configure:20740: checking for pkg-config
configure:20758: found /usr/bin/pkg-config
configure:20770: result: /usr/bin/pkg-config
configure:20795: checking pkg-config is at least version 0.9.0
configure:20798: result: yes
configure:20809: checking for LIBZLOGGER
configure:20816: $PKG_CONFIG --exists --print-errors "libzlogger >= 1.0.5 "
configure:20819: $? = 0
configure:20832: $PKG_CONFIG --exists --print-errors "libzlogger >= 1.0.5 "
configure:20835: $? = 0
configure:20912: result: yes
configure:20919: checking for log in -lm
configure:20954: gcc -o conftest -g -O2   conftest.c -lm   >&5
conftest.c:31: warning: conflicting types for built-in function 'log'
configure:20961: $? = 0
configure:20982: result: yes
configure:20998: checking for ANSI C header files
configure:21166: result: yes
configure:21176: checking for stdbool.h that conforms to C99
configure:21271: gcc -c -g -O2  conftest.c >&5
configure:21278: $? = 0
configure:21293: result: yes
configure:21295: checking for _Bool
configure:21323: gcc -c -g -O2  conftest.c >&5
configure:21330: $? = 0
configure:21357: gcc -c -g -O2  conftest.c >&5
conftest.c: In function 'main':
conftest.c:62: error: expected expression before ')' token
configure:21364: $? = 1
configure: failed program was:
| /* confdefs.h.  */
| #define PACKAGE_NAME "eibnetmux"
| #define PACKAGE_TARNAME "eibnetmux"
| #define PACKAGE_VERSION "1.9.14"
| #define PACKAGE_STRING "eibnetmux 1.9.14"
| #define PACKAGE_BUGREPORT ""
| #define PACKAGE "eibnetmux"
| #define VERSION "1.9.14"
| #define STDC_HEADERS 1
| #define HAVE_SYS_TYPES_H 1
| #define HAVE_SYS_STAT_H 1
| #define HAVE_STDLIB_H 1
| #define HAVE_STRING_H 1
| #define HAVE_MEMORY_H 1
| #define HAVE_STRINGS_H 1
| #define HAVE_INTTYPES_H 1
| #define HAVE_STDINT_H 1
| #define HAVE_UNISTD_H 1
| #define __BYTE_ORDER __LITTLE_ENDIAN
| #define __LITTLE_ENDIAN 1234
| #define __BIG_ENDIAN 4321
| #define HAVE_DLFCN_H 1
| #define HAVE_LIBM 1
| #define STDC_HEADERS 1
| /* end confdefs.h.  */
| #include <stdio.h>
| #ifdef HAVE_SYS_TYPES_H
| # include <sys/types.h>
| #endif
| #ifdef HAVE_SYS_STAT_H
| # include <sys/stat.h>
| #endif
| #ifdef STDC_HEADERS
| # include <stdlib.h>
| # include <stddef.h>
| #else
| # ifdef HAVE_STDLIB_H
| #  include <stdlib.h>
| # endif
| #endif
| #ifdef HAVE_STRING_H
| # if !defined STDC_HEADERS && defined HAVE_MEMORY_H
| #  include <memory.h>
| # endif
| # include <string.h>
| #endif
| #ifdef HAVE_STRINGS_H
| # include <strings.h>
| #endif
| #ifdef HAVE_INTTYPES_H
| # include <inttypes.h>
| #endif
| #ifdef HAVE_STDINT_H
| # include <stdint.h>
| #endif
| #ifdef HAVE_UNISTD_H
| # include <unistd.h>
| #endif
| int
| main ()
| {
| if (sizeof ((_Bool)))
| 	  return 0;
|   ;
|   return 0;
| }
configure:21387: result: yes
configure:21406: checking whether time.h and sys/time.h may both be included
configure:21436: gcc -c -g -O2  conftest.c >&5
configure:21443: $? = 0
configure:21458: result: yes
configure:21485: checking pth.h usability
configure:21502: gcc -c -g -O2  conftest.c >&5
configure:21509: $? = 0
configure:21523: result: yes
configure:21527: checking pth.h presence
configure:21542: gcc -E  conftest.c
configure:21549: $? = 0
configure:21563: result: yes
configure:21591: checking for pth.h
configure:21600: result: yes
configure:21638: checking arpa/inet.h usability
configure:21655: gcc -c -g -O2  conftest.c >&5
configure:21662: $? = 0
configure:21676: result: yes
configure:21680: checking arpa/inet.h presence
configure:21695: gcc -E  conftest.c
configure:21702: $? = 0
configure:21716: result: yes
configure:21744: checking for arpa/inet.h
configure:21753: result: yes
configure:21638: checking ctype.h usability
configure:21655: gcc -c -g -O2  conftest.c >&5
configure:21662: $? = 0
configure:21676: result: yes
configure:21680: checking ctype.h presence
configure:21695: gcc -E  conftest.c
configure:21702: $? = 0
configure:21716: result: yes
configure:21744: checking for ctype.h
configure:21753: result: yes
configure:21638: checking errno.h usability
configure:21655: gcc -c -g -O2  conftest.c >&5
configure:21662: $? = 0
configure:21676: result: yes
configure:21680: checking errno.h presence
configure:21695: gcc -E  conftest.c
configure:21702: $? = 0
configure:21716: result: yes
configure:21744: checking for errno.h
configure:21753: result: yes
configure:21638: checking features.h usability
configure:21655: gcc -c -g -O2  conftest.c >&5
configure:21662: $? = 0
configure:21676: result: yes
configure:21680: checking features.h presence
configure:21695: gcc -E  conftest.c
configure:21702: $? = 0
configure:21716: result: yes
configure:21744: checking for features.h
configure:21753: result: yes
configure:21638: checking getopt.h usability
configure:21655: gcc -c -g -O2  conftest.c >&5
configure:21662: $? = 0
configure:21676: result: yes
configure:21680: checking getopt.h presence
configure:21695: gcc -E  conftest.c
configure:21702: $? = 0
configure:21716: result: yes
configure:21744: checking for getopt.h
configure:21753: result: yes
configure:21638: checking fcntl.h usability
configure:21655: gcc -c -g -O2  conftest.c >&5
configure:21662: $? = 0
configure:21676: result: yes
configure:21680: checking fcntl.h presence
configure:21695: gcc -E  conftest.c
configure:21702: $? = 0
configure:21716: result: yes
configure:21744: checking for fcntl.h
configure:21753: result: yes
configure:21638: checking grp.h usability
configure:21655: gcc -c -g -O2  conftest.c >&5
configure:21662: $? = 0
configure:21676: result: yes
configure:21680: checking grp.h presence
configure:21695: gcc -E  conftest.c
configure:21702: $? = 0
configure:21716: result: yes
configure:21744: checking for grp.h
configure:21753: result: yes
configure:21638: checking libgen.h usability
configure:21655: gcc -c -g -O2  conftest.c >&5
configure:21662: $? = 0
configure:21676: result: yes
configure:21680: checking libgen.h presence
configure:21695: gcc -E  conftest.c
configure:21702: $? = 0
configure:21716: result: yes
configure:21744: checking for libgen.h
configure:21753: result: yes
configure:21638: checking math.h usability
configure:21655: gcc -c -g -O2  conftest.c >&5
configure:21662: $? = 0
configure:21676: result: yes
configure:21680: checking math.h presence
configure:21695: gcc -E  conftest.c
configure:21702: $? = 0
configure:21716: result: yes
configure:21744: checking for math.h
configure:21753: result: yes
configure:21638: checking net/if.h usability
configure:21655: gcc -c -g -O2  conftest.c >&5
configure:21662: $? = 0
configure:21676: result: yes
configure:21680: checking net/if.h presence
configure:21695: gcc -E  conftest.c
configure:21702: $? = 0
configure:21716: result: yes
configure:21744: checking for net/if.h
configure:21753: result: yes
configure:21638: checking netdb.h usability
configure:21655: gcc -c -g -O2  conftest.c >&5
configure:21662: $? = 0
configure:21676: result: yes
configure:21680: checking netdb.h presence
configure:21695: gcc -E  conftest.c
configure:21702: $? = 0
configure:21716: result: yes
configure:21744: checking for netdb.h
configure:21753: result: yes
configure:21638: checking netinet/in.h usability
configure:21655: gcc -c -g -O2  conftest.c >&5
configure:21662: $? = 0
configure:21676: result: yes
configure:21680: checking netinet/in.h presence
configure:21695: gcc -E  conftest.c
configure:21702: $? = 0
configure:21716: result: yes
configure:21744: checking for netinet/in.h
configure:21753: result: yes
configure:21638: checking pwd.h usability
configure:21655: gcc -c -g -O2  conftest.c >&5
configure:21662: $? = 0
configure:21676: result: yes
configure:21680: checking pwd.h presence
configure:21695: gcc -E  conftest.c
configure:21702: $? = 0
configure:21716: result: yes
configure:21744: checking for pwd.h
configure:21753: result: yes
configure:21638: checking signal.h usability
configure:21655: gcc -c -g -O2  conftest.c >&5
configure:21662: $? = 0
configure:21676: result: yes
configure:21680: checking signal.h presence
configure:21695: gcc -E  conftest.c
configure:21702: $? = 0
configure:21716: result: yes
configure:21744: checking for signal.h
configure:21753: result: yes
configure:21638: checking stdarg.h usability
configure:21655: gcc -c -g -O2  conftest.c >&5
configure:21662: $? = 0
configure:21676: result: yes
configure:21680: checking stdarg.h presence
configure:21695: gcc -E  conftest.c
configure:21702: $? = 0
configure:21716: result: yes
configure:21744: checking for stdarg.h
configure:21753: result: yes
configure:21627: checking for stdint.h
configure:21634: result: yes
configure:21638: checking stdio.h usability
configure:21655: gcc -c -g -O2  conftest.c >&5
configure:21662: $? = 0
configure:21676: result: yes
configure:21680: checking stdio.h presence
configure:21695: gcc -E  conftest.c
configure:21702: $? = 0
configure:21716: result: yes
configure:21744: checking for stdio.h
configure:21753: result: yes
configure:21627: checking for stdlib.h
configure:21634: result: yes
configure:21627: checking for unistd.h
configure:21634: result: yes
configure:21627: checking for string.h
configure:21634: result: yes
configure:21638: checking sys/ioctl.h usability
configure:21655: gcc -c -g -O2  conftest.c >&5
configure:21662: $? = 0
configure:21676: result: yes
configure:21680: checking sys/ioctl.h presence
configure:21695: gcc -E  conftest.c
configure:21702: $? = 0
configure:21716: result: yes
configure:21744: checking for sys/ioctl.h
configure:21753: result: yes
configure:21638: checking sys/socket.h usability
configure:21655: gcc -c -g -O2  conftest.c >&5
configure:21662: $? = 0
configure:21676: result: yes
configure:21680: checking sys/socket.h presence
configure:21695: gcc -E  conftest.c
configure:21702: $? = 0
configure:21716: result: yes
configure:21744: checking for sys/socket.h
configure:21753: result: yes
configure:21627: checking for sys/types.h
configure:21634: result: yes
configure:21638: checking sys/un.h usability
configure:21655: gcc -c -g -O2  conftest.c >&5
configure:21662: $? = 0
configure:21676: result: yes
configure:21680: checking sys/un.h presence
configure:21695: gcc -E  conftest.c
configure:21702: $? = 0
configure:21716: result: yes
configure:21744: checking for sys/un.h
configure:21753: result: yes
configure:21627: checking for sys/stat.h
configure:21634: result: yes
configure:21638: checking syslog.h usability
configure:21655: gcc -c -g -O2  conftest.c >&5
configure:21662: $? = 0
configure:21676: result: yes
configure:21680: checking syslog.h presence
configure:21695: gcc -E  conftest.c
configure:21702: $? = 0
configure:21716: result: yes
configure:21744: checking for syslog.h
configure:21753: result: yes
configure:21638: checking time.h usability
configure:21655: gcc -c -g -O2  conftest.c >&5
configure:21662: $? = 0
configure:21676: result: yes
configure:21680: checking time.h presence
configure:21695: gcc -E  conftest.c
configure:21702: $? = 0
configure:21716: result: yes
configure:21744: checking for time.h
configure:21753: result: yes
configure:21638: checking sys/time.h usability
configure:21655: gcc -c -g -O2  conftest.c >&5
configure:21662: $? = 0
configure:21676: result: yes
configure:21680: checking sys/time.h presence
configure:21695: gcc -E  conftest.c
configure:21702: $? = 0
configure:21716: result: yes
configure:21744: checking for sys/time.h
configure:21753: result: yes
configure:21638: checking termios.h usability
configure:21655: gcc -c -g -O2  conftest.c >&5
configure:21662: $? = 0
configure:21676: result: yes
configure:21680: checking termios.h presence
configure:21695: gcc -E  conftest.c
configure:21702: $? = 0
configure:21716: result: yes
configure:21744: checking for termios.h
configure:21753: result: yes
configure:21936: checking for linux/rtnetlink.h
configure:21957: gcc -c -g -O2  conftest.c >&5
configure:21964: $? = 0
configure:21979: result: yes
configure:21991: checking for linux/netlink.h
configure:22012: gcc -c -g -O2  conftest.c >&5
configure:22019: $? = 0
configure:22034: result: yes
configure:22047: checking for uid_t in sys/types.h
configure:22070: result: yes
configure:22086: checking for uint8_t
configure:22117: gcc -c -g -O2  conftest.c >&5
configure:22124: $? = 0
configure:22145: result: yes
configure:22163: checking for uint16_t
configure:22194: gcc -c -g -O2  conftest.c >&5
configure:22201: $? = 0
configure:22222: result: yes
configure:22236: checking for uint32_t
configure:22267: gcc -c -g -O2  conftest.c >&5
configure:22274: $? = 0
configure:22295: result: yes
configure:22312: checking for an ANSI C-conforming const
configure:22387: gcc -c -g -O2  conftest.c >&5
configure:22394: $? = 0
configure:22409: result: yes
configure:22419: checking for size_t
configure:22447: gcc -c -g -O2  conftest.c >&5
configure:22454: $? = 0
configure:22481: gcc -c -g -O2  conftest.c >&5
conftest.c: In function 'main':
conftest.c:96: error: expected expression before ')' token
configure:22488: $? = 1
configure: failed program was:
| /* confdefs.h.  */
| #define PACKAGE_NAME "eibnetmux"
| #define PACKAGE_TARNAME "eibnetmux"
| #define PACKAGE_VERSION "1.9.14"
| #define PACKAGE_STRING "eibnetmux 1.9.14"
| #define PACKAGE_BUGREPORT ""
| #define PACKAGE "eibnetmux"
| #define VERSION "1.9.14"
| #define STDC_HEADERS 1
| #define HAVE_SYS_TYPES_H 1
| #define HAVE_SYS_STAT_H 1
| #define HAVE_STDLIB_H 1
| #define HAVE_STRING_H 1
| #define HAVE_MEMORY_H 1
| #define HAVE_STRINGS_H 1
| #define HAVE_INTTYPES_H 1
| #define HAVE_STDINT_H 1
| #define HAVE_UNISTD_H 1
| #define __BYTE_ORDER __LITTLE_ENDIAN
| #define __LITTLE_ENDIAN 1234
| #define __BIG_ENDIAN 4321
| #define HAVE_DLFCN_H 1
| #define HAVE_LIBM 1
| #define STDC_HEADERS 1
| #define HAVE__BOOL 1
| #define HAVE_STDBOOL_H 1
| #define TIME_WITH_SYS_TIME 1
| #define HAVE_PTH_H 1
| #define HAVE_ARPA_INET_H 1
| #define HAVE_CTYPE_H 1
| #define HAVE_ERRNO_H 1
| #define HAVE_FEATURES_H 1
| #define HAVE_GETOPT_H 1
| #define HAVE_FCNTL_H 1
| #define HAVE_GRP_H 1
| #define HAVE_LIBGEN_H 1
| #define HAVE_MATH_H 1
| #define HAVE_NET_IF_H 1
| #define HAVE_NETDB_H 1
| #define HAVE_NETINET_IN_H 1
| #define HAVE_PWD_H 1
| #define HAVE_SIGNAL_H 1
| #define HAVE_STDARG_H 1
| #define HAVE_STDINT_H 1
| #define HAVE_STDIO_H 1
| #define HAVE_STDLIB_H 1
| #define HAVE_UNISTD_H 1
| #define HAVE_STRING_H 1
| #define HAVE_SYS_IOCTL_H 1
| #define HAVE_SYS_SOCKET_H 1
| #define HAVE_SYS_TYPES_H 1
| #define HAVE_SYS_UN_H 1
| #define HAVE_SYS_STAT_H 1
| #define HAVE_SYSLOG_H 1
| #define HAVE_TIME_H 1
| #define HAVE_SYS_TIME_H 1
| #define HAVE_TERMIOS_H 1
| #define HAVE_LINUX_RTNETLINK 1
| /* end confdefs.h.  */
| #include <stdio.h>
| #ifdef HAVE_SYS_TYPES_H
| # include <sys/types.h>
| #endif
| #ifdef HAVE_SYS_STAT_H
| # include <sys/stat.h>
| #endif
| #ifdef STDC_HEADERS
| # include <stdlib.h>
| # include <stddef.h>
| #else
| # ifdef HAVE_STDLIB_H
| #  include <stdlib.h>
| # endif
| #endif
| #ifdef HAVE_STRING_H
| # if !defined STDC_HEADERS && defined HAVE_MEMORY_H
| #  include <memory.h>
| # endif
| # include <string.h>
| #endif
| #ifdef HAVE_STRINGS_H
| # include <strings.h>
| #endif
| #ifdef HAVE_INTTYPES_H
| # include <inttypes.h>
| #endif
| #ifdef HAVE_STDINT_H
| # include <stdint.h>
| #endif
| #ifdef HAVE_UNISTD_H
| # include <unistd.h>
| #endif
| int
| main ()
| {
| if (sizeof ((size_t)))
| 	  return 0;
|   ;
|   return 0;
| }
configure:22511: result: yes
configure:22523: checking whether struct tm is in sys/time.h or time.h
configure:22553: gcc -c -g -O2  conftest.c >&5
configure:22560: $? = 0
configure:22575: result: time.h
configure:22585: checking return type of signal handlers
configure:22613: gcc -c -g -O2  conftest.c >&5
conftest.c: In function 'main':
conftest.c:66: error: void value not ignored as it ought to be
configure:22620: $? = 1
configure: failed program was:
| /* confdefs.h.  */
| #define PACKAGE_NAME "eibnetmux"
| #define PACKAGE_TARNAME "eibnetmux"
| #define PACKAGE_VERSION "1.9.14"
| #define PACKAGE_STRING "eibnetmux 1.9.14"
| #define PACKAGE_BUGREPORT ""
| #define PACKAGE "eibnetmux"
| #define VERSION "1.9.14"
| #define STDC_HEADERS 1
| #define HAVE_SYS_TYPES_H 1
| #define HAVE_SYS_STAT_H 1
| #define HAVE_STDLIB_H 1
| #define HAVE_STRING_H 1
| #define HAVE_MEMORY_H 1
| #define HAVE_STRINGS_H 1
| #define HAVE_INTTYPES_H 1
| #define HAVE_STDINT_H 1
| #define HAVE_UNISTD_H 1
| #define __BYTE_ORDER __LITTLE_ENDIAN
| #define __LITTLE_ENDIAN 1234
| #define __BIG_ENDIAN 4321
| #define HAVE_DLFCN_H 1
| #define HAVE_LIBM 1
| #define STDC_HEADERS 1
| #define HAVE__BOOL 1
| #define HAVE_STDBOOL_H 1
| #define TIME_WITH_SYS_TIME 1
| #define HAVE_PTH_H 1
| #define HAVE_ARPA_INET_H 1
| #define HAVE_CTYPE_H 1
| #define HAVE_ERRNO_H 1
| #define HAVE_FEATURES_H 1
| #define HAVE_GETOPT_H 1
| #define HAVE_FCNTL_H 1
| #define HAVE_GRP_H 1
| #define HAVE_LIBGEN_H 1
| #define HAVE_MATH_H 1
| #define HAVE_NET_IF_H 1
| #define HAVE_NETDB_H 1
| #define HAVE_NETINET_IN_H 1
| #define HAVE_PWD_H 1
| #define HAVE_SIGNAL_H 1
| #define HAVE_STDARG_H 1
| #define HAVE_STDINT_H 1
| #define HAVE_STDIO_H 1
| #define HAVE_STDLIB_H 1
| #define HAVE_UNISTD_H 1
| #define HAVE_STRING_H 1
| #define HAVE_SYS_IOCTL_H 1
| #define HAVE_SYS_SOCKET_H 1
| #define HAVE_SYS_TYPES_H 1
| #define HAVE_SYS_UN_H 1
| #define HAVE_SYS_STAT_H 1
| #define HAVE_SYSLOG_H 1
| #define HAVE_TIME_H 1
| #define HAVE_SYS_TIME_H 1
| #define HAVE_TERMIOS_H 1
| #define HAVE_LINUX_RTNETLINK 1
| /* end confdefs.h.  */
| #include <sys/types.h>
| #include <signal.h>
| 
| int
| main ()
| {
| return *(signal (0, 0)) (0) == 1;
|   ;
|   return 0;
| }
configure:22635: result: void
configure:22654: checking for strchr
configure:22710: gcc -o conftest -g -O2   conftest.c -lm  >&5
conftest.c:84: warning: conflicting types for built-in function 'strchr'
configure:22717: $? = 0
configure:22739: result: yes
configure:22654: checking for strdup
configure:22710: gcc -o conftest -g -O2   conftest.c -lm  >&5
conftest.c:85: warning: conflicting types for built-in function 'strdup'
configure:22717: $? = 0
configure:22739: result: yes
configure:22654: checking for strstr
configure:22710: gcc -o conftest -g -O2   conftest.c -lm  >&5
conftest.c:86: warning: conflicting types for built-in function 'strstr'
configure:22717: $? = 0
configure:22739: result: yes
configure:22654: checking for strcmp
configure:22710: gcc -o conftest -g -O2   conftest.c -lm  >&5
conftest.c:87: warning: conflicting types for built-in function 'strcmp'
configure:22717: $? = 0
configure:22739: result: yes
configure:22654: checking for strncmp
configure:22710: gcc -o conftest -g -O2   conftest.c -lm  >&5
conftest.c:88: warning: conflicting types for built-in function 'strncmp'
configure:22717: $? = 0
configure:22739: result: yes
configure:22654: checking for strncpy
configure:22710: gcc -o conftest -g -O2   conftest.c -lm  >&5
conftest.c:89: warning: conflicting types for built-in function 'strncpy'
configure:22717: $? = 0
configure:22739: result: yes
configure:22654: checking for strlen
configure:22710: gcc -o conftest -g -O2   conftest.c -lm  >&5
conftest.c:90: warning: conflicting types for built-in function 'strlen'
configure:22717: $? = 0
configure:22739: result: yes
configure:22757: checking for strncasecmp
configure:22813: gcc -o conftest -g -O2   conftest.c -lm  >&5
conftest.c:91: warning: conflicting types for built-in function 'strncasecmp'
configure:22820: $? = 0
configure:22842: result: yes
configure:22757: checking for strcasecmp
configure:22813: gcc -o conftest -g -O2   conftest.c -lm  >&5
conftest.c:92: warning: conflicting types for built-in function 'strcasecmp'
configure:22820: $? = 0
configure:22842: result: yes
configure:22757: checking for strncmp
configure:22842: result: yes
configure:22858: checking for strerror
configure:22914: gcc -o conftest -g -O2   conftest.c -lm  >&5
configure:22921: $? = 0
configure:22943: result: yes
configure:22963: checking for memcmp
configure:23019: gcc -o conftest -g -O2   conftest.c -lm  >&5
conftest.c:95: warning: conflicting types for built-in function 'memcmp'
configure:23026: $? = 0
configure:23048: result: yes
configure:22963: checking for memcpy
configure:23019: gcc -o conftest -g -O2   conftest.c -lm  >&5
conftest.c:96: warning: conflicting types for built-in function 'memcpy'
configure:23026: $? = 0
configure:23048: result: yes
configure:22963: checking for mempcpy
configure:23019: gcc -o conftest -g -O2   conftest.c -lm  >&5
conftest.c:97: warning: conflicting types for built-in function 'mempcpy'
configure:23026: $? = 0
configure:23048: result: yes
configure:22963: checking for memset
configure:23019: gcc -o conftest -g -O2   conftest.c -lm  >&5
conftest.c:98: warning: conflicting types for built-in function 'memset'
configure:23026: $? = 0
configure:23048: result: yes
configure:22963: checking for bzero
configure:23019: gcc -o conftest -g -O2   conftest.c -lm  >&5
conftest.c:99: warning: conflicting types for built-in function 'bzero'
configure:23026: $? = 0
configure:23048: result: yes
configure:23067: checking for socket
configure:23123: gcc -o conftest -g -O2   conftest.c -lm  >&5
configure:23130: $? = 0
configure:23152: result: yes
configure:23067: checking for setsockopt
configure:23123: gcc -o conftest -g -O2   conftest.c -lm  >&5
configure:23130: $? = 0
configure:23152: result: yes
configure:23067: checking for gethostbyname
configure:23123: gcc -o conftest -g -O2   conftest.c -lm  >&5
configure:23130: $? = 0
configure:23152: result: yes
configure:23067: checking for gethostname
configure:23123: gcc -o conftest -g -O2   conftest.c -lm  >&5
configure:23130: $? = 0
configure:23152: result: yes
configure:23170: checking for inet_aton
configure:23226: gcc -o conftest -g -O2   conftest.c -lm  >&5
configure:23233: $? = 0
configure:23255: result: yes
configure:23170: checking for inet_pton
configure:23226: gcc -o conftest -g -O2   conftest.c -lm  >&5
configure:23233: $? = 0
configure:23255: result: yes
configure:23170: checking for inet_addr
configure:23226: gcc -o conftest -g -O2   conftest.c -lm  >&5
configure:23233: $? = 0
configure:23255: result: yes
configure:23272: checking for endgrent
configure:23328: gcc -o conftest -g -O2   conftest.c -lm  >&5
configure:23335: $? = 0
configure:23357: result: yes
configure:23272: checking for endpwent
configure:23328: gcc -o conftest -g -O2   conftest.c -lm  >&5
configure:23335: $? = 0
configure:23357: result: yes
configure:23375: checking for malloc
configure:23431: gcc -o conftest -g -O2   conftest.c -lm  >&5
conftest.c:109: warning: conflicting types for built-in function 'malloc'
configure:23438: $? = 0
configure:23460: result: yes
configure:23375: checking for realloc
configure:23431: gcc -o conftest -g -O2   conftest.c -lm  >&5
conftest.c:110: warning: conflicting types for built-in function 'realloc'
configure:23438: $? = 0
configure:23460: result: yes
configure:23375: checking for free
configure:23431: gcc -o conftest -g -O2   conftest.c -lm  >&5
conftest.c:111: warning: conflicting types for built-in function 'free'
configure:23438: $? = 0
configure:23460: result: yes
configure:23476: checking for gettimeofday
configure:23532: gcc -o conftest -g -O2   conftest.c -lm  >&5
configure:23539: $? = 0
configure:23561: result: yes
configure:23578: checking for stdlib.h
configure:23585: result: yes
configure:23719: checking for GNU libc compatible malloc
configure:23753: gcc -o conftest -g -O2   conftest.c -lm  >&5
configure:23757: $? = 0
configure:23763: ./conftest
configure:23767: $? = 0
configure:23784: result: yes
configure:23817: checking for stdlib.h
configure:23824: result: yes
configure:23958: checking for GNU libc compatible realloc
configure:23992: gcc -o conftest -g -O2   conftest.c -lm  >&5
configure:23996: $? = 0
configure:24002: ./conftest
configure:24006: $? = 0
configure:24023: result: yes
configure:24051: checking for working memcmp
configure:24104: gcc -o conftest -g -O2   conftest.c -lm  >&5
configure:24108: $? = 0
configure:24114: ./conftest
configure:24118: $? = 0
configure:24135: result: yes
configure:24144: checking whether lstat dereferences a symlink specified with a trailing slash
configure:24180: gcc -o conftest -g -O2   conftest.c -lm  >&5
configure:24184: $? = 0
configure:24190: ./conftest
configure:24194: $? = 0
configure:24218: result: yes
configure:24237: checking whether stat accepts an empty string
configure:24267: gcc -o conftest -g -O2   conftest.c -lm  >&5
configure:24271: $? = 0
configure:24277: ./conftest
configure:24281: $? = 0
configure:24298: result: no
configure:24315: checking if minimal build is requested 
configure:24330: result: false 
configure:24341: checking for havege_init in -lpolarssl
configure:24376: gcc -o conftest -g -O2   conftest.c -lpolarssl  -lm  >&5
configure:24383: $? = 0
configure:24404: result: yes
configure:24415: checking --disable-authentication argument
configure:24430: result: false
configure:24454: checking polarssl/dhm.h usability
configure:24471: gcc -c -g -O2  conftest.c >&5
configure:24478: $? = 0
configure:24492: result: yes
configure:24496: checking polarssl/dhm.h presence
configure:24511: gcc -E  conftest.c
configure:24518: $? = 0
configure:24532: result: yes
configure:24560: checking for polarssl/dhm.h
configure:24569: result: yes
configure:24608: checking --enable-busmonitor argument
configure:24623: result: false
configure:24633: checking if php is installed 
configure:24640: result: false
configure:24677: checking if doxygen is available 
configure:24698: result: no 
configure:24713: checking if phpDocumentor is available 
configure:24734: result: no 
configure:24917: creating ./config.status

## ---------------------- ##
## Running config.status. ##
## ---------------------- ##

This file was extended by eibnetmux config.status 1.9.14, which was
generated by GNU Autoconf 2.63.  Invocation command line was

  CONFIG_FILES    = 
  CONFIG_HEADERS  = 
  CONFIG_LINKS    = 
  CONFIG_COMMANDS = 
  $ ./config.status 

on nagash-desktop

config.status:899: creating Makefile
config.status:899: creating eibnetmux/Makefile
config.status:899: creating client_lib/Makefile
config.status:899: creating client_lib/c/Makefile
config.status:899: creating client_lib/c/pkgconfig/Makefile
config.status:899: creating client_lib/c/pkgconfig/libeibnetmux.pc
config.status:899: creating client_lib/php/Makefile
config.status:899: creating webmon/Makefile
config.status:899: creating webmon/index.php
config.status:899: creating doc/Makefile
config.status:899: creating doc/clib.doxyfile
config.status:899: creating doc/dev.doxyfile
config.status:899: creating config.h
config.status:1121: config.h is unchanged
config.status:1173: executing depfiles commands
configure:26263: 
configure:26265: 
configure:26267: 
configure:26269: ------------------------------------------- 
configure:26271: -                                         - 
configure:26273: - eibnetmux - configuration status report - 
configure:26275: -                                         - 
configure:26277: -                                         - 
configure:26279: -        (check for correctness)          - 
configure:26281: -                                         - 
configure:26283: ------------------------------------------- 
configure:26285: 
configure:26291: - full build (server and client library)                       (--disable-clientonly) 
configure:26299: - authentication support enabled                               (--enable-authentication)
configure:26310: - no bus monitor support                                       (--disable-busmonitor) 
configure:26317: - php client library will not be installed                     (--disable-php) 
configure:26321: - no documentation created for C client library                (--with-doxygen) 
configure:26328: - no documentation created for PHP client library              (--with-phpdoc) 
configure:26335: - IP source address detection based on kernel routing table 
configure:26347: 
configure:26349: 

## ---------------- ##
## Cache variables. ##
## ---------------- ##

ac_cv_build=i686-pc-linux-gnu
ac_cv_c_bigendian=no
ac_cv_c_compiler_gnu=yes
ac_cv_c_const=yes
ac_cv_c_uint16_t=yes
ac_cv_c_uint32_t=yes
ac_cv_c_uint8_t=yes
ac_cv_cxx_compiler_gnu=yes
ac_cv_env_CCC_set=
ac_cv_env_CCC_value=
ac_cv_env_CC_set=
ac_cv_env_CC_value=
ac_cv_env_CFLAGS_set=
ac_cv_env_CFLAGS_value=
ac_cv_env_CPPFLAGS_set=
ac_cv_env_CPPFLAGS_value=
ac_cv_env_CPP_set=
ac_cv_env_CPP_value=
ac_cv_env_CXXCPP_set=
ac_cv_env_CXXCPP_value=
ac_cv_env_CXXFLAGS_set=
ac_cv_env_CXXFLAGS_value=
ac_cv_env_CXX_set=
ac_cv_env_CXX_value=
ac_cv_env_F77_set=
ac_cv_env_F77_value=
ac_cv_env_FFLAGS_set=
ac_cv_env_FFLAGS_value=
ac_cv_env_LDFLAGS_set=
ac_cv_env_LDFLAGS_value=
ac_cv_env_LIBS_set=
ac_cv_env_LIBS_value=
ac_cv_env_LIBZLOGGER_CFLAGS_set=
ac_cv_env_LIBZLOGGER_CFLAGS_value=
ac_cv_env_LIBZLOGGER_LIBS_set=
ac_cv_env_LIBZLOGGER_LIBS_value=
ac_cv_env_PKG_CONFIG_set=
ac_cv_env_PKG_CONFIG_value=
ac_cv_env_build_alias_set=
ac_cv_env_build_alias_value=
ac_cv_env_host_alias_set=
ac_cv_env_host_alias_value=
ac_cv_env_target_alias_set=
ac_cv_env_target_alias_value=
ac_cv_f77_compiler_gnu=yes
ac_cv_func_bzero=yes
ac_cv_func_endgrent=yes
ac_cv_func_endpwent=yes
ac_cv_func_free=yes
ac_cv_func_gethostbyname=yes
ac_cv_func_gethostname=yes
ac_cv_func_gettimeofday=yes
ac_cv_func_inet_addr=yes
ac_cv_func_inet_aton=yes
ac_cv_func_inet_pton=yes
ac_cv_func_lstat_dereferences_slashed_symlink=yes
ac_cv_func_malloc=yes
ac_cv_func_malloc_0_nonnull=yes
ac_cv_func_memcmp=yes
ac_cv_func_memcmp_working=yes
ac_cv_func_memcpy=yes
ac_cv_func_mempcpy=yes
ac_cv_func_memset=yes
ac_cv_func_realloc=yes
ac_cv_func_realloc_0_nonnull=yes
ac_cv_func_setsockopt=yes
ac_cv_func_socket=yes
ac_cv_func_stat_empty_string_bug=no
ac_cv_func_strcasecmp=yes
ac_cv_func_strchr=yes
ac_cv_func_strcmp=yes
ac_cv_func_strdup=yes
ac_cv_func_strerror=yes
ac_cv_func_strlen=yes
ac_cv_func_strncasecmp=yes
ac_cv_func_strncmp=yes
ac_cv_func_strncpy=yes
ac_cv_func_strstr=yes
ac_cv_header_arpa_inet_h=yes
ac_cv_header_ctype_h=yes
ac_cv_header_dlfcn_h=yes
ac_cv_header_errno_h=yes
ac_cv_header_fcntl_h=yes
ac_cv_header_features_h=yes
ac_cv_header_getopt_h=yes
ac_cv_header_grp_h=yes
ac_cv_header_inttypes_h=yes
ac_cv_header_libgen_h=yes
ac_cv_header_linux_netlink_h=yes
ac_cv_header_linux_rtnetlink_h=yes
ac_cv_header_math_h=yes
ac_cv_header_memory_h=yes
ac_cv_header_net_if_h=yes
ac_cv_header_netdb_h=yes
ac_cv_header_netinet_in_h=yes
ac_cv_header_polarssl_dhm_h=yes
ac_cv_header_pth_h=yes
ac_cv_header_pwd_h=yes
ac_cv_header_signal_h=yes
ac_cv_header_stdarg_h=yes
ac_cv_header_stdbool_h=yes
ac_cv_header_stdc=yes
ac_cv_header_stdint_h=yes
ac_cv_header_stdio_h=yes
ac_cv_header_stdlib_h=yes
ac_cv_header_string_h=yes
ac_cv_header_strings_h=yes
ac_cv_header_sys_ioctl_h=yes
ac_cv_header_sys_socket_h=yes
ac_cv_header_sys_stat_h=yes
ac_cv_header_sys_time_h=yes
ac_cv_header_sys_types_h=yes
ac_cv_header_sys_un_h=yes
ac_cv_header_syslog_h=yes
ac_cv_header_termios_h=yes
ac_cv_header_time=yes
ac_cv_header_time_h=yes
ac_cv_header_unistd_h=yes
ac_cv_host=i686-pc-linux-gnu
ac_cv_lib_m_log=yes
ac_cv_lib_polarssl_havege_init=yes
ac_cv_lib_pth_pth_spawn=yes
ac_cv_objext=o
ac_cv_path_EGREP='/bin/grep -E'
ac_cv_path_GREP=/bin/grep
ac_cv_path_ac_pt_PKG_CONFIG=/usr/bin/pkg-config
ac_cv_path_install='/usr/bin/install -c'
ac_cv_path_mkdir=/bin/mkdir
ac_cv_prog_AWK=mawk
ac_cv_prog_CPP='gcc -E'
ac_cv_prog_CXXCPP='g++ -E'
ac_cv_prog_ac_ct_AR=ar
ac_cv_prog_ac_ct_CC=gcc
ac_cv_prog_ac_ct_CXX=g++
ac_cv_prog_ac_ct_F77=gfortran
ac_cv_prog_ac_ct_RANLIB=ranlib
ac_cv_prog_ac_ct_STRIP=strip
ac_cv_prog_cc_c89=
ac_cv_prog_cc_g=yes
ac_cv_prog_cxx_g=yes
ac_cv_prog_f77_g=yes
ac_cv_prog_make_make_set=yes
ac_cv_struct_tm=time.h
ac_cv_type__Bool=yes
ac_cv_type_signal=void
ac_cv_type_size_t=yes
ac_cv_type_uid_t=yes
am_cv_CC_dependencies_compiler_type=gcc3
am_cv_CXX_dependencies_compiler_type=gcc3
lt_cv_deplibs_check_method=pass_all
lt_cv_file_magic_cmd='$MAGIC_CMD'
lt_cv_file_magic_test_file=
lt_cv_ld_reload_flag=-r
lt_cv_objdir=.libs
lt_cv_path_LD=/usr/bin/ld
lt_cv_path_LDCXX=/usr/bin/ld
lt_cv_path_NM='/usr/bin/nm -B'
lt_cv_path_SED=/bin/sed
lt_cv_prog_compiler_c_o=yes
lt_cv_prog_compiler_c_o_CXX=yes
lt_cv_prog_compiler_c_o_F77=yes
lt_cv_prog_compiler_pic_works=yes
lt_cv_prog_compiler_pic_works_CXX=yes
lt_cv_prog_compiler_pic_works_F77=yes
lt_cv_prog_compiler_rtti_exceptions=no
lt_cv_prog_compiler_static_works=yes
lt_cv_prog_compiler_static_works_CXX=yes
lt_cv_prog_compiler_static_works_F77=yes
lt_cv_prog_gnu_ld=yes
lt_cv_prog_gnu_ldcxx=yes
lt_cv_sys_global_symbol_pipe='sed -n -e '\''s/^.*[ 	]\([ABCDGIRSTW][ABCDGIRSTW]*\)[ 	][ 	]*\([_A-Za-z][_A-Za-z0-9]*\)$/\1 \2 \2/p'\'''
lt_cv_sys_global_symbol_to_c_name_address='sed -n -e '\''s/^: \([^ ]*\) $/  {\"\1\", (lt_ptr) 0},/p'\'' -e '\''s/^[BCDEGRST] \([^ ]*\) \([^ ]*\)$/  {"\2", (lt_ptr) \&\2},/p'\'''
lt_cv_sys_global_symbol_to_cdecl='sed -n -e '\''s/^. .* \(.*\)$/extern int \1;/p'\'''
lt_cv_sys_lib_dlsearch_path_spec='/lib /usr/lib /lib/i486-linux-gnu /usr/lib/i486-linux-gnu /usr/lib/alsa-lib /usr/local/lib '
lt_cv_sys_lib_search_path_spec='/usr/lib/gcc/i486-linux-gnu/4.4.1 /usr/lib /lib /usr/lib/i486-linux-gnu'
lt_cv_sys_max_cmd_len=1572864
lt_lt_cv_prog_compiler_c_o='"yes"'
lt_lt_cv_prog_compiler_c_o_CXX='"yes"'
lt_lt_cv_prog_compiler_c_o_F77='"yes"'
lt_lt_cv_sys_global_symbol_pipe='"sed -n -e '\''s/^.*[ 	]\\([ABCDGIRSTW][ABCDGIRSTW]*\\)[ 	][ 	]*\\([_A-Za-z][_A-Za-z0-9]*\\)\$/\\1 \\2 \\2/p'\''"'
lt_lt_cv_sys_global_symbol_to_c_name_address='"sed -n -e '\''s/^: \\([^ ]*\\) \$/  {\\\"\\1\\\", (lt_ptr) 0},/p'\'' -e '\''s/^[BCDEGRST] \\([^ ]*\\) \\([^ ]*\\)\$/  {\"\\2\", (lt_ptr) \\&\\2},/p'\''"'
lt_lt_cv_sys_global_symbol_to_cdecl='"sed -n -e '\''s/^. .* \\(.*\\)\$/extern int \\1;/p'\''"'
pkg_cv_LIBZLOGGER_CFLAGS='-I/usr/local/include  '
pkg_cv_LIBZLOGGER_LIBS='-L/usr/local/lib -lzlogger  '

## ----------------- ##
## Output variables. ##
## ----------------- ##

ACLOCAL='${SHELL} /home/nagash/eibnetmux_domotica_client/dipendenze/Build/eibnetmux-1.9.14/scripts/missing --run aclocal-1.10'
AMDEPBACKSLASH='\'
AMDEP_FALSE='#'
AMDEP_TRUE=''
AMTAR='${SHELL} /home/nagash/eibnetmux_domotica_client/dipendenze/Build/eibnetmux-1.9.14/scripts/missing --run tar'
AR='ar'
AUTOCONF='${SHELL} /home/nagash/eibnetmux_domotica_client/dipendenze/Build/eibnetmux-1.9.14/scripts/missing --run autoconf'
AUTOHEADER='${SHELL} /home/nagash/eibnetmux_domotica_client/dipendenze/Build/eibnetmux-1.9.14/scripts/missing --run autoheader'
AUTOMAKE='${SHELL} /home/nagash/eibnetmux_domotica_client/dipendenze/Build/eibnetmux-1.9.14/scripts/missing --run automake-1.10'
AWK='mawk'
CC='gcc'
CCDEPMODE='depmode=gcc3'
CFLAGS='-g -O2'
CPP='gcc -E'
CPPFLAGS=''
CXX='g++'
CXXCPP='g++ -E'
CXXDEPMODE='depmode=gcc3'
CXXFLAGS='-g -O2'
CYGPATH_W='echo'
DEFS='-DHAVE_CONFIG_H'
DEPDIR='.deps'
DOXYGEN_AVAILABLE_FALSE=''
DOXYGEN_AVAILABLE_TRUE='#'
DSYMUTIL=''
ECHO='echo'
ECHO_C=''
ECHO_N='-n'
ECHO_T=''
EGREP='/bin/grep -E'
EXEEXT=''
F77='gfortran'
FFLAGS='-g -O2'
GREP='/bin/grep'
INSTALL_DATA='${INSTALL} -m 644'
INSTALL_PROGRAM='${INSTALL}'
INSTALL_SCRIPT='${INSTALL}'
INSTALL_STRIP_PROGRAM='$(install_sh) -c -s'
LDFLAGS=''
LIBOBJS=''
LIBPOLARSSL='-lpolarssl'
LIBPTH='-lpth'
LIBS='-lm '
LIBTOOL='$(SHELL) $(top_builddir)/libtool'
LIBZLOGGER_CFLAGS='-I/usr/local/include  '
LIBZLOGGER_LIBS='-L/usr/local/lib -lzlogger  '
LN_S='ln -s'
LTLIBOBJS=''
MAKEINFO='${SHELL} /home/nagash/eibnetmux_domotica_client/dipendenze/Build/eibnetmux-1.9.14/scripts/missing --run makeinfo'
MINIMAL_BUILD_FALSE=''
MINIMAL_BUILD_TRUE='#'
MKDIR_P='/bin/mkdir -p'
NMEDIT=''
OBJEXT='o'
PACKAGE='eibnetmux'
PACKAGE_BUGREPORT=''
PACKAGE_NAME='eibnetmux'
PACKAGE_STRING='eibnetmux 1.9.14'
PACKAGE_TARNAME='eibnetmux'
PACKAGE_VERSION='1.9.14'
PATH_SEPARATOR=':'
PHPDOC_AVAILABLE_FALSE=''
PHPDOC_AVAILABLE_TRUE='#'
PHP_CLIENT_FALSE=''
PHP_CLIENT_TRUE='#'
PHP_INSTALLDIR=''
PKG_CONFIG='/usr/bin/pkg-config'
RANLIB='ranlib'
SED='/bin/sed'
SET_MAKE=''
SHELL='/bin/bash'
STRIP='strip'
VERSION='1.9.14'
WITH_AUTHENTICATION_FALSE='#'
WITH_AUTHENTICATION_TRUE=''
ac_ct_CC='gcc'
ac_ct_CXX='g++'
ac_ct_F77='gfortran'
am__fastdepCC_FALSE='#'
am__fastdepCC_TRUE=''
am__fastdepCXX_FALSE='#'
am__fastdepCXX_TRUE=''
am__include='include'
am__isrc=''
am__leading_dot='.'
am__quote=''
am__tar='${AMTAR} chof - "$$tardir"'
am__untar='${AMTAR} xf -'
bindir='${exec_prefix}/bin'
build='i686-pc-linux-gnu'
build_alias=''
build_cpu='i686'
build_os='linux-gnu'
build_vendor='pc'
datadir='${datarootdir}'
datarootdir='${prefix}/share'
docdir='${datarootdir}/doc/${PACKAGE_TARNAME}'
dvidir='${docdir}'
exec_prefix='${prefix}'
host='i686-pc-linux-gnu'
host_alias=''
host_cpu='i686'
host_os='linux-gnu'
host_vendor='pc'
htmldir='${docdir}'
includedir='${prefix}/include'
infodir='${datarootdir}/info'
install_sh='$(SHELL) /home/nagash/eibnetmux_domotica_client/dipendenze/Build/eibnetmux-1.9.14/scripts/install-sh'
libdir='${exec_prefix}/lib'
libexecdir='${exec_prefix}/libexec'
localedir='${datarootdir}/locale'
localstatedir='${prefix}/var'
mandir='${datarootdir}/man'
mkdir_p='/bin/mkdir -p'
oldincludedir='/usr/include'
pdfdir='${docdir}'
prefix='/usr/local'
program_transform_name='s,x,x,'
psdir='${docdir}'
sbindir='${exec_prefix}/sbin'
sharedstatedir='${prefix}/com'
sysconfdir='${prefix}/etc'
target_alias=''

## ----------- ##
## confdefs.h. ##
## ----------- ##

#define PACKAGE_NAME "eibnetmux"
#define PACKAGE_TARNAME "eibnetmux"
#define PACKAGE_VERSION "1.9.14"
#define PACKAGE_STRING "eibnetmux 1.9.14"
#define PACKAGE_BUGREPORT ""
#define PACKAGE "eibnetmux"
#define VERSION "1.9.14"
#define STDC_HEADERS 1
#define HAVE_SYS_TYPES_H 1
#define HAVE_SYS_STAT_H 1
#define HAVE_STDLIB_H 1
#define HAVE_STRING_H 1
#define HAVE_MEMORY_H 1
#define HAVE_STRINGS_H 1
#define HAVE_INTTYPES_H 1
#define HAVE_STDINT_H 1
#define HAVE_UNISTD_H 1
#define __BYTE_ORDER __LITTLE_ENDIAN
#define __LITTLE_ENDIAN 1234
#define __BIG_ENDIAN 4321
#define HAVE_DLFCN_H 1
#define HAVE_LIBM 1
#define STDC_HEADERS 1
#define HAVE__BOOL 1
#define HAVE_STDBOOL_H 1
#define TIME_WITH_SYS_TIME 1
#define HAVE_PTH_H 1
#define HAVE_ARPA_INET_H 1
#define HAVE_CTYPE_H 1
#define HAVE_ERRNO_H 1
#define HAVE_FEATURES_H 1
#define HAVE_GETOPT_H 1
#define HAVE_FCNTL_H 1
#define HAVE_GRP_H 1
#define HAVE_LIBGEN_H 1
#define HAVE_MATH_H 1
#define HAVE_NET_IF_H 1
#define HAVE_NETDB_H 1
#define HAVE_NETINET_IN_H 1
#define HAVE_PWD_H 1
#define HAVE_SIGNAL_H 1
#define HAVE_STDARG_H 1
#define HAVE_STDINT_H 1
#define HAVE_STDIO_H 1
#define HAVE_STDLIB_H 1
#define HAVE_UNISTD_H 1
#define HAVE_STRING_H 1
#define HAVE_SYS_IOCTL_H 1
#define HAVE_SYS_SOCKET_H 1
#define HAVE_SYS_TYPES_H 1
#define HAVE_SYS_UN_H 1
#define HAVE_SYS_STAT_H 1
#define HAVE_SYSLOG_H 1
#define HAVE_TIME_H 1
#define HAVE_SYS_TIME_H 1
#define HAVE_TERMIOS_H 1
#define HAVE_LINUX_RTNETLINK 1
#define RETSIGTYPE void
#define HAVE_STRCHR 1
#define HAVE_STRDUP 1
#define HAVE_STRSTR 1
#define HAVE_STRCMP 1
#define HAVE_STRNCMP 1
#define HAVE_STRNCPY 1
#define HAVE_STRLEN 1
#define HAVE_STRNCASECMP 1
#define HAVE_STRCASECMP 1
#define HAVE_STRNCMP 1
#define HAVE_STRERROR 1
#define HAVE_MEMCMP 1
#define HAVE_MEMCPY 1
#define HAVE_MEMPCPY 1
#define HAVE_MEMSET 1
#define HAVE_BZERO 1
#define HAVE_SOCKET 1
#define HAVE_SETSOCKOPT 1
#define HAVE_GETHOSTBYNAME 1
#define HAVE_GETHOSTNAME 1
#define HAVE_INET_ATON 1
#define HAVE_INET_PTON 1
#define HAVE_INET_ADDR 1
#define HAVE_ENDGRENT 1
#define HAVE_ENDPWENT 1
#define HAVE_MALLOC 1
#define HAVE_REALLOC 1
#define HAVE_FREE 1
#define HAVE_GETTIMEOFDAY 1
#define HAVE_STDLIB_H 1
#define HAVE_MALLOC 1
#define HAVE_STDLIB_H 1
#define HAVE_REALLOC 1
#define LSTAT_FOLLOWS_SLASHED_SYMLINK 1
#define WITH_AUTHENTICATION /**/
#define HAVE_POLARSSL_DHM_H 1

configure: exit 0
